<?xml version="1.0" encoding="UTF-8"?>
<!-- Generated by org.testng.reporters.JUnitXMLReporter -->
<testsuite ignored="0" hostname="DESKTOP-B8KUMH6" failures="2" tests="26" name="Test" time="459.323" errors="0" timestamp="2026-07-30T23:37:07 PST">
  <testcase classname="regression.TestCases" name="tc_01_Register" time="10.897"/>
  <testcase classname="regression.TestCases" name="tc_02_Login" time="5.877"/>
  <testcase classname="regression.TestCases" name="tc_03_incorrectEmailPass" time="3.491"/>
  <testcase classname="regression.TestCases" name="tc_04_accountLogout" time="53.324">
    <failure type="org.openqa.selenium.NoSuchElementException" message="no such element: Unable to locate element: {&amp;quot;method&amp;quot;:&amp;quot;xpath&amp;quot;,&amp;quot;selector&amp;quot;:&amp;quot;//a[normalize-space()=&amp;apos;Signup / Login&amp;apos;]&amp;quot;}
  (Session info: chrome=150.0.7871.187)
For documentation on this error, please visit: https://www.selenium.dev/documentation/webdriver/troubleshooting/errors#no-such-element-exception
Build info: version: &amp;apos;4.25.0&amp;apos;, revision: &amp;apos;8a8aea2337&amp;apos;
System info: os.name: &amp;apos;Windows 10&amp;apos;, os.arch: &amp;apos;amd64&amp;apos;, os.version: &amp;apos;10.0&amp;apos;, java.version: &amp;apos;22.0.1&amp;apos;
Driver info: org.openqa.selenium.chrome.ChromeDriver
Command: [6ab7bd9eeff8019d652ce88287d7dc56, findElement {value=//a[normalize-space()=&amp;apos;Signup / Login&amp;apos;], using=xpath}]
Capabilities {acceptInsecureCerts: false, browserName: chrome, browserVersion: 150.0.7871.187, chrome: {chromedriverVersion: 150.0.7871.124 (9261fd0a595..., userDataDir: C:\Users\user\AppData\Local...}, fedcm:accounts: true, goog:chromeOptions: {debuggerAddress: localhost:51033}, goog:processID: 4120, networkConnectionEnabled: false, pageLoadStrategy: normal, platformName: windows, proxy: Proxy(), se:cdp: ws://localhost:51033/devtoo..., se:cdpVersion: 150.0.7871.187, setWindowRect: true, strictFileInteractability: false, timeouts: {implicit: 0, pageLoad: 300000, script: 30000}, unhandledPromptBehavior: dismiss and notify, webauthn:extension:credBlob: true, webauthn:extension:largeBlob: true, webauthn:extension:minPinLength: true, webauthn:extension:prf: true, webauthn:virtualAuthenticators: true}
Session ID: 6ab7bd9eeff8019d652ce88287d7dc56">
      <![CDATA[org.openqa.selenium.NoSuchElementException: no such element: Unable to locate element: {"method":"xpath","selector":"//a[normalize-space()='Signup / Login']"}
  (Session info: chrome=150.0.7871.187)
For documentation on this error, please visit: https://www.selenium.dev/documentation/webdriver/troubleshooting/errors#no-such-element-exception
Build info: version: '4.25.0', revision: '8a8aea2337'
System info: os.name: 'Windows 10', os.arch: 'amd64', os.version: '10.0', java.version: '22.0.1'
Driver info: org.openqa.selenium.chrome.ChromeDriver
Command: [6ab7bd9eeff8019d652ce88287d7dc56, findElement {value=//a[normalize-space()='Signup / Login'], using=xpath}]
Capabilities {acceptInsecureCerts: false, browserName: chrome, browserVersion: 150.0.7871.187, chrome: {chromedriverVersion: 150.0.7871.124 (9261fd0a595..., userDataDir: C:\Users\user\AppData\Local...}, fedcm:accounts: true, goog:chromeOptions: {debuggerAddress: localhost:51033}, goog:processID: 4120, networkConnectionEnabled: false, pageLoadStrategy: normal, platformName: windows, proxy: Proxy(), se:cdp: ws://localhost:51033/devtoo..., se:cdpVersion: 150.0.7871.187, setWindowRect: true, strictFileInteractability: false, timeouts: {implicit: 0, pageLoad: 300000, script: 30000}, unhandledPromptBehavior: dismiss and notify, webauthn:extension:credBlob: true, webauthn:extension:largeBlob: true, webauthn:extension:minPinLength: true, webauthn:extension:prf: true, webauthn:virtualAuthenticators: true}
Session ID: 6ab7bd9eeff8019d652ce88287d7dc56
at org.openqa.selenium.remote.ErrorCodec.decode(ErrorCodec.java:167)
at org.openqa.selenium.remote.codec.w3c.W3CHttpResponseCodec.decode(W3CHttpResponseCodec.java:138)
at org.openqa.selenium.remote.codec.w3c.W3CHttpResponseCodec.decode(W3CHttpResponseCodec.java:50)
at org.openqa.selenium.remote.HttpCommandExecutor.execute(HttpCommandExecutor.java:190)
at org.openqa.selenium.remote.service.DriverCommandExecutor.invokeExecute(DriverCommandExecutor.java:216)
at org.openqa.selenium.remote.service.DriverCommandExecutor.execute(DriverCommandExecutor.java:174)
at org.openqa.selenium.remote.RemoteWebDriver.execute(RemoteWebDriver.java:545)
at org.openqa.selenium.remote.ElementLocation$ElementFinder$2.findElement(ElementLocation.java:165)
at org.openqa.selenium.remote.ElementLocation.findElement(ElementLocation.java:59)
at org.openqa.selenium.remote.RemoteWebDriver.findElement(RemoteWebDriver.java:368)
at org.openqa.selenium.remote.RemoteWebDriver.findElement(RemoteWebDriver.java:362)
at base.BaseTest.click(BaseTest.java:257)
at pageEvents.mainPageEvents.clickLoginSignupTab(mainPageEvents.java:11)
at pageEvents.loginPageEvents.login(loginPageEvents.java:11)
at regression.TestCases.tc_04_accountLogout(TestCases.java:85)
at java.base/java.util.ArrayList.forEach(ArrayList.java:1597)
... Removed 32 stack frames]]>
    </failure>
  </testcase> <!-- tc_04_accountLogout -->
  <testcase classname="regression.TestCases" name="tc_05_regExistingEmail" time="9.143"/>
  <testcase classname="regression.TestCases" name="tc_06_contactForm" time="4.486"/>
  <testcase classname="regression.TestCases" name="tc_07_testcases" time="2.35"/>
  <testcase classname="regression.TestCases" name="tc_08_products" time="5.994"/>
  <testcase classname="regression.TestCases" name="tc_09_searchProduct" time="4.639"/>
  <testcase classname="regression.TestCases" name="tc_10_subscribeEmailHomePage" time="0.768"/>
  <testcase classname="regression.TestCases" name="tc_11_subscribeEmailCartPage" time="1.759"/>
  <testcase classname="regression.TestCases" name="tc_12_addToCart" time="4.852"/>
  <testcase classname="regression.TestCases" name="tc_13_quantityIncrease" time="7.417"/>
  <testcase classname="regression.TestCases" name="tc_14_placeOrderRegWhileCheckout" time="25.684"/>
  <testcase classname="regression.TestCases" name="tc_15_regToCheckout" time="22.83"/>
  <testcase classname="regression.TestCases" name="tc_16_loginBeforeCheckout" time="35.088"/>
  <testcase classname="regression.TestCases" name="tc_17_removeProductsFromCart" time="23.322"/>
  <testcase classname="regression.TestCases" name="tc_18_viewCategoryProducts" time="5.138"/>
  <testcase classname="regression.TestCases" name="tc_19_viewBrandProducts" time="6.125">
    <failure type="java.lang.AssertionError" message="Failed to load Polo brand page expected [true] but found [false]">
      <![CDATA[java.lang.AssertionError: Failed to load Polo brand page expected [true] but found [false]
at pageEvents.productsEventPage.navigateBrands(productsEventPage.java:110)
at regression.TestCases.tc_19_viewBrandProducts(TestCases.java:177)
at java.base/java.util.ArrayList.forEach(ArrayList.java:1597)
... Removed 32 stack frames]]>
    </failure>
  </testcase> <!-- tc_19_viewBrandProducts -->
  <testcase classname="regression.TestCases" name="tc_20_searchProductsAndVerifyCartAfterLogin" time="25.918"/>
  <testcase classname="regression.TestCases" name="tc_21_addReviewOnProduct" time="13.829"/>
  <testcase classname="regression.TestCases" name="tc_22_addToCartFromRecommendedItems" time="7.934"/>
  <testcase classname="regression.TestCases" name="tc_23_verifyAddressDetailsInCheckoutPage" time="29.693"/>
  <testcase classname="regression.TestCases" name="tc_24_downloadInvoiceAfterPurchaseOrder" time="25.155"/>
  <testcase classname="regression.TestCases" name="tc_25_verifyScrollUpUsingArrowButton" time="2.351"/>
  <testcase classname="regression.TestCases" name="tc_26_verifyScrollUpWithoutArrowButton" time="0.454"/>
</testsuite> <!-- Test -->
