<?xml version="1.0" encoding="UTF-8"?>
<testsuite xmlns:xsi="http://www.w3.org/2001/XMLSchema-instance" xsi:noNamespaceSchemaLocation="https://maven.apache.org/surefire/maven-surefire-plugin/xsd/surefire-test-report.xsd" version="3.0.1" name="TestSuite" time="460.522" tests="26" errors="0" skipped="0" failures="2">
  <properties>
[...]
</properties>
  <testcase name="tc_01_Register" classname="regression.TestCases" time="10.892">
    <system-err><![CDATA[SLF4J: Failed to load class "org.slf4j.impl.StaticLoggerBinder".
SLF4J: Defaulting to no-operation (NOP) logger implementation
SLF4J: See http://www.slf4j.org/codes.html#StaticLoggerBinder for further details.
Jul 30, 2026 11:29:31 PM org.openqa.selenium.devtools.CdpVersionFinder findNearestMatch
WARNING: Unable to find CDP implementation matching 150
Jul 30, 2026 11:29:31 PM org.openqa.selenium.chromium.ChromiumDriver lambda$new$5
WARNING: Unable to find version of CDP to use for 150.0.7871.187. You may need to include a dependency on a specific version of the CDP using something similar to `org.seleniumhq.selenium:selenium-devtools-v86:4.25.0` where the version ("v86") matches the version of the chromium-based browser you're using and the version number of the artifact is the same as Selenium's.
]]></system-err>
  </testcase>
  <testcase name="tc_02_Login" classname="regression.TestCases" time="5.872">
    <system-out><![CDATA[Capturing screenshot for test: tc_01_Register
Screenshot saved to: C:\Users\user\Documents\GitHub\SeleniumFrameworkTestcaseAutomation\TestCaseAutomation\Reports\REGRESSION_${BROWSER}\img-src\tc_01_Register_2026_07_30__23_29_45.png
]]></system-out>
    <system-err><![CDATA[Jul 30, 2026 11:29:47 PM org.openqa.selenium.devtools.CdpVersionFinder findNearestMatch
WARNING: Unable to find CDP implementation matching 150
Jul 30, 2026 11:29:47 PM org.openqa.selenium.chromium.ChromiumDriver lambda$new$5
WARNING: Unable to find version of CDP to use for 150.0.7871.187. You may need to include a dependency on a specific version of the CDP using something similar to `org.seleniumhq.selenium:selenium-devtools-v86:4.25.0` where the version ("v86") matches the version of the chromium-based browser you're using and the version number of the artifact is the same as Selenium's.
]]></system-err>
  </testcase>
  <testcase name="tc_03_incorrectEmailPass" classname="regression.TestCases" time="3.491">
    <system-out><![CDATA[Capturing screenshot for test: tc_02_Login
Screenshot saved to: C:\Users\user\Documents\GitHub\SeleniumFrameworkTestcaseAutomation\TestCaseAutomation\Reports\REGRESSION_${BROWSER}\img-src\tc_02_Login_2026_07_30__23_29_56.png
]]></system-out>
    <system-err><![CDATA[Jul 30, 2026 11:29:58 PM org.openqa.selenium.devtools.CdpVersionFinder findNearestMatch
WARNING: Unable to find CDP implementation matching 150
Jul 30, 2026 11:29:58 PM org.openqa.selenium.chromium.ChromiumDriver lambda$new$5
WARNING: Unable to find version of CDP to use for 150.0.7871.187. You may need to include a dependency on a specific version of the CDP using something similar to `org.seleniumhq.selenium:selenium-devtools-v86:4.25.0` where the version ("v86") matches the version of the chromium-based browser you're using and the version number of the artifact is the same as Selenium's.
]]></system-err>
  </testcase>
  <testcase name="tc_04_accountLogout" classname="regression.TestCases" time="53.375">
    <failure message="no such element: Unable to locate element: {&quot;method&quot;:&quot;xpath&quot;,&quot;selector&quot;:&quot;//a[normalize-space()=&apos;Signup / Login&apos;]&quot;}&#10;  (Session info: chrome=150.0.7871.187)&#10;For documentation on this error, please visit: https://www.selenium.dev/documentation/webdriver/troubleshooting/errors#no-such-element-exception&#10;Build info: version: &apos;4.25.0&apos;, revision: &apos;8a8aea2337&apos;&#10;System info: os.name: &apos;Windows 10&apos;, os.arch: &apos;amd64&apos;, os.version: &apos;10.0&apos;, java.version: &apos;22.0.1&apos;&#10;Driver info: org.openqa.selenium.chrome.ChromeDriver&#10;Command: [6ab7bd9eeff8019d652ce88287d7dc56, findElement {value=//a[normalize-space()=&apos;Signup / Login&apos;], using=xpath}]&#10;Capabilities {acceptInsecureCerts: false, browserName: chrome, browserVersion: 150.0.7871.187, chrome: {chromedriverVersion: 150.0.7871.124 (9261fd0a595..., userDataDir: C:\Users\user\AppData\Local...}, fedcm:accounts: true, goog:chromeOptions: {debuggerAddress: localhost:51033}, goog:processID: 4120, networkConnectionEnabled: false, pageLoadStrategy: normal, platformName: windows, proxy: Proxy(), se:cdp: ws://localhost:51033/devtoo..., se:cdpVersion: 150.0.7871.187, setWindowRect: true, strictFileInteractability: false, timeouts: {implicit: 0, pageLoad: 300000, script: 30000}, unhandledPromptBehavior: dismiss and notify, webauthn:extension:credBlob: true, webauthn:extension:largeBlob: true, webauthn:extension:minPinLength: true, webauthn:extension:prf: true, webauthn:virtualAuthenticators: true}&#10;Session ID: 6ab7bd9eeff8019d652ce88287d7dc56" type="org.openqa.selenium.NoSuchElementException"><![CDATA[org.openqa.selenium.NoSuchElementException: 
no such element: Unable to locate element: {"method":"xpath","selector":"//a[normalize-space()='Signup / Login']"}
  (Session info: chrome=150.0.7871.187)
For documentation on this error, please visit: https://www.selenium.dev/documentation/webdriver/troubleshooting/errors#no-such-element-exception
Build info: version: '4.25.0', revision: '8a8aea2337'
System info: os.name: 'Windows 10', os.arch: 'amd64', os.version: '10.0', java.version: '22.0.1'
Driver info: org.openqa.selenium.chrome.ChromeDriver
Command: [6ab7bd9eeff8019d652ce88287d7dc56, findElement {value=//a[normalize-space()='Signup / Login'], using=xpath}]
Capabilities {acceptInsecureCerts: false, browserName: chrome, browserVersion: 150.0.7871.187, chrome: {chromedriverVersion: 150.0.7871.124 (9261fd0a595..., userDataDir: C:\Users\user\AppData\Local...}, fedcm:accounts: true, goog:chromeOptions: {debuggerAddress: localhost:51033}, goog:processID: 4120, networkConnectionEnabled: false, pageLoadStrategy: normal, platformName: windows, proxy: Proxy(), se:cdp: ws://localhost:51033/devtoo..., se:cdpVersion: 150.0.7871.187, setWindowRect: true, strictFileInteractability: false, timeouts: {implicit: 0, pageLoad: 300000, script: 30000}, unhandledPromptBehavior: dismiss and notify, webauthn:extension:credBlob: true, webauthn:extension:largeBlob: true, webauthn:extension:minPinLength: true, webauthn:extension:prf: true, webauthn:virtualAuthenticators: true}
Session ID: 6ab7bd9eeff8019d652ce88287d7dc56
	at java.base/jdk.internal.reflect.DirectConstructorHandleAccessor.newInstance(DirectConstructorHandleAccessor.java:62)
	at java.base/java.lang.reflect.Constructor.newInstanceWithCaller(Constructor.java:502)
	at java.base/java.lang.reflect.Constructor.newInstance(Constructor.java:486)
	at org.openqa.selenium.remote.ErrorCodec.decode(ErrorCodec.java:167)
	at org.openqa.selenium.remote.codec.w3c.W3CHttpResponseCodec.decode(W3CHttpResponseCodec.java:138)
	at org.openqa.selenium.remote.codec.w3c.W3CHttpResponseCodec.decode(W3CHttpResponseCodec.java:50)
	at org.openqa.selenium.remote.HttpCommandExecutor.execute(HttpCommandExecutor.java:190)
	at org.openqa.selenium.remote.service.DriverCommandExecutor.invokeExecute(DriverCommandExecutor.java:216)
	at org.openqa.selenium.remote.service.DriverCommandExecutor.execute(DriverCommandExecutor.java:174)
	at org.openqa.selenium.remote.RemoteWebDriver.execute(RemoteWebDriver.java:545)
	at org.openqa.selenium.remote.ElementLocation$ElementFinder$2.findElement(ElementLocation.java:165)
	at org.openqa.selenium.remote.ElementLocation.findElement(ElementLocation.java:59)
	at org.openqa.selenium.remote.RemoteWebDriver.findElement(RemoteWebDriver.java:368)
	at org.openqa.selenium.remote.RemoteWebDriver.findElement(RemoteWebDriver.java:362)
	at base.BaseTest.click(BaseTest.java:257)
	at pageEvents.mainPageEvents.clickLoginSignupTab(mainPageEvents.java:11)
	at pageEvents.loginPageEvents.login(loginPageEvents.java:11)
	at regression.TestCases.tc_04_accountLogout(TestCases.java:85)
	at java.base/jdk.internal.reflect.DirectMethodHandleAccessor.invoke(DirectMethodHandleAccessor.java:103)
	at java.base/java.lang.reflect.Method.invoke(Method.java:580)
	at org.testng.internal.invokers.MethodInvocationHelper.invokeMethod(MethodInvocationHelper.java:139)
	at org.testng.internal.invokers.TestInvoker.invokeMethod(TestInvoker.java:677)
	at org.testng.internal.invokers.TestInvoker.invokeTestMethod(TestInvoker.java:221)
	at org.testng.internal.invokers.MethodRunner.runInSequence(MethodRunner.java:50)
	at org.testng.internal.invokers.TestInvoker$MethodInvocationAgent.invoke(TestInvoker.java:969)
	at org.testng.internal.invokers.TestInvoker.invokeTestMethods(TestInvoker.java:194)
	at org.testng.internal.invokers.TestMethodWorker.invokeTestMethods(TestMethodWorker.java:148)
	at org.testng.internal.invokers.TestMethodWorker.run(TestMethodWorker.java:128)
	at java.base/java.util.ArrayList.forEach(ArrayList.java:1597)
	at org.testng.TestRunner.privateRun(TestRunner.java:829)
	at org.testng.TestRunner.run(TestRunner.java:602)
	at org.testng.SuiteRunner.runTest(SuiteRunner.java:437)
	at org.testng.SuiteRunner.runSequentially(SuiteRunner.java:431)
	at org.testng.SuiteRunner.privateRun(SuiteRunner.java:391)
	at org.testng.SuiteRunner.run(SuiteRunner.java:330)
	at org.testng.SuiteRunnerWorker.runSuite(SuiteRunnerWorker.java:52)
	at org.testng.SuiteRunnerWorker.run(SuiteRunnerWorker.java:95)
	at org.testng.TestNG.runSuitesSequentially(TestNG.java:1256)
	at org.testng.TestNG.runSuitesLocally(TestNG.java:1176)
	at org.testng.TestNG.runSuites(TestNG.java:1099)
	at org.testng.TestNG.run(TestNG.java:1067)
	at org.apache.maven.surefire.testng.TestNGExecutor.run(TestNGExecutor.java:308)
	at org.apache.maven.surefire.testng.TestNGXmlTestSuite.execute(TestNGXmlTestSuite.java:71)
	at org.apache.maven.surefire.testng.TestNGProvider.invoke(TestNGProvider.java:113)
	at org.apache.maven.surefire.booter.ForkedBooter.runSuitesInProcess(ForkedBooter.java:385)
	at org.apache.maven.surefire.booter.ForkedBooter.execute(ForkedBooter.java:162)
	at org.apache.maven.surefire.booter.ForkedBooter.run(ForkedBooter.java:507)
	at org.apache.maven.surefire.booter.ForkedBooter.main(ForkedBooter.java:495)
]]></failure>
    <system-out><![CDATA[Capturing screenshot for test: tc_03_incorrectEmailPass
Screenshot saved to: C:\Users\user\Documents\GitHub\SeleniumFrameworkTestcaseAutomation\TestCaseAutomation\Reports\REGRESSION_${BROWSER}\img-src\tc_03_incorrectEmailPass_2026_07_30__23_30_05.png
]]></system-out>
    <system-err><![CDATA[Jul 30, 2026 11:30:07 PM org.openqa.selenium.devtools.CdpVersionFinder findNearestMatch
WARNING: Unable to find CDP implementation matching 150
Jul 30, 2026 11:30:07 PM org.openqa.selenium.chromium.ChromiumDriver lambda$new$5
WARNING: Unable to find version of CDP to use for 150.0.7871.187. You may need to include a dependency on a specific version of the CDP using something similar to `org.seleniumhq.selenium:selenium-devtools-v86:4.25.0` where the version ("v86") matches the version of the chromium-based browser you're using and the version number of the artifact is the same as Selenium's.
]]></system-err>
  </testcase>
  <testcase name="tc_05_regExistingEmail" classname="regression.TestCases" time="9.149">
    <system-out><![CDATA[Capturing screenshot for test: tc_04_accountLogout
Screenshot saved to: C:\Users\user\Documents\GitHub\SeleniumFrameworkTestcaseAutomation\TestCaseAutomation\Reports\REGRESSION_${BROWSER}\img-src\tc_04_accountLogout_2026_07_30__23_31_03.png
]]></system-out>
    <system-err><![CDATA[Jul 30, 2026 11:31:05 PM org.openqa.selenium.devtools.CdpVersionFinder findNearestMatch
WARNING: Unable to find CDP implementation matching 150
Jul 30, 2026 11:31:05 PM org.openqa.selenium.chromium.ChromiumDriver lambda$new$5
WARNING: Unable to find version of CDP to use for 150.0.7871.187. You may need to include a dependency on a specific version of the CDP using something similar to `org.seleniumhq.selenium:selenium-devtools-v86:4.25.0` where the version ("v86") matches the version of the chromium-based browser you're using and the version number of the artifact is the same as Selenium's.
]]></system-err>
  </testcase>
  <testcase name="tc_06_contactForm" classname="regression.TestCases" time="4.486">
    <system-out><![CDATA[Capturing screenshot for test: tc_05_regExistingEmail
Screenshot saved to: C:\Users\user\Documents\GitHub\SeleniumFrameworkTestcaseAutomation\TestCaseAutomation\Reports\REGRESSION_${BROWSER}\img-src\tc_05_regExistingEmail_2026_07_30__23_31_18.png
]]></system-out>
    <system-err><![CDATA[Jul 30, 2026 11:31:21 PM org.openqa.selenium.devtools.CdpVersionFinder findNearestMatch
WARNING: Unable to find CDP implementation matching 150
Jul 30, 2026 11:31:21 PM org.openqa.selenium.chromium.ChromiumDriver lambda$new$5
WARNING: Unable to find version of CDP to use for 150.0.7871.187. You may need to include a dependency on a specific version of the CDP using something similar to `org.seleniumhq.selenium:selenium-devtools-v86:4.25.0` where the version ("v86") matches the version of the chromium-based browser you're using and the version number of the artifact is the same as Selenium's.
]]></system-err>
  </testcase>
  <testcase name="tc_07_testcases" classname="regression.TestCases" time="2.352">
    <system-out><![CDATA[Capturing screenshot for test: tc_06_contactForm
Screenshot saved to: C:\Users\user\Documents\GitHub\SeleniumFrameworkTestcaseAutomation\TestCaseAutomation\Reports\REGRESSION_${BROWSER}\img-src\tc_06_contactForm_2026_07_30__23_31_27.png
]]></system-out>
    <system-err><![CDATA[Jul 30, 2026 11:31:28 PM org.openqa.selenium.devtools.CdpVersionFinder findNearestMatch
WARNING: Unable to find CDP implementation matching 150
Jul 30, 2026 11:31:28 PM org.openqa.selenium.chromium.ChromiumDriver lambda$new$5
WARNING: Unable to find version of CDP to use for 150.0.7871.187. You may need to include a dependency on a specific version of the CDP using something similar to `org.seleniumhq.selenium:selenium-devtools-v86:4.25.0` where the version ("v86") matches the version of the chromium-based browser you're using and the version number of the artifact is the same as Selenium's.
]]></system-err>
  </testcase>
  <testcase name="tc_08_products" classname="regression.TestCases" time="5.996">
    <system-out><![CDATA[Capturing screenshot for test: tc_07_testcases
Screenshot saved to: C:\Users\user\Documents\GitHub\SeleniumFrameworkTestcaseAutomation\TestCaseAutomation\Reports\REGRESSION_${BROWSER}\img-src\tc_07_testcases_2026_07_30__23_31_34.png
]]></system-out>
    <system-err><![CDATA[Jul 30, 2026 11:31:35 PM org.openqa.selenium.devtools.CdpVersionFinder findNearestMatch
WARNING: Unable to find CDP implementation matching 150
Jul 30, 2026 11:31:35 PM org.openqa.selenium.chromium.ChromiumDriver lambda$new$5
WARNING: Unable to find version of CDP to use for 150.0.7871.187. You may need to include a dependency on a specific version of the CDP using something similar to `org.seleniumhq.selenium:selenium-devtools-v86:4.25.0` where the version ("v86") matches the version of the chromium-based browser you're using and the version number of the artifact is the same as Selenium's.
]]></system-err>
  </testcase>
  <testcase name="tc_09_searchProduct" classname="regression.TestCases" time="4.639">
    <system-out><![CDATA[Capturing screenshot for test: tc_08_products
Screenshot saved to: C:\Users\user\Documents\GitHub\SeleniumFrameworkTestcaseAutomation\TestCaseAutomation\Reports\REGRESSION_${BROWSER}\img-src\tc_08_products_2026_07_30__23_31_45.png
]]></system-out>
    <system-err><![CDATA[Jul 30, 2026 11:31:47 PM org.openqa.selenium.devtools.CdpVersionFinder findNearestMatch
WARNING: Unable to find CDP implementation matching 150
Jul 30, 2026 11:31:47 PM org.openqa.selenium.chromium.ChromiumDriver lambda$new$5
WARNING: Unable to find version of CDP to use for 150.0.7871.187. You may need to include a dependency on a specific version of the CDP using something similar to `org.seleniumhq.selenium:selenium-devtools-v86:4.25.0` where the version ("v86") matches the version of the chromium-based browser you're using and the version number of the artifact is the same as Selenium's.
]]></system-err>
  </testcase>
  <testcase name="tc_10_subscribeEmailHomePage" classname="regression.TestCases" time="0.767">
    <system-out><![CDATA[Capturing screenshot for test: tc_09_searchProduct
Screenshot saved to: C:\Users\user\Documents\GitHub\SeleniumFrameworkTestcaseAutomation\TestCaseAutomation\Reports\REGRESSION_${BROWSER}\img-src\tc_09_searchProduct_2026_07_30__23_31_53.png
]]></system-out>
    <system-err><![CDATA[Jul 30, 2026 11:31:55 PM org.openqa.selenium.devtools.CdpVersionFinder findNearestMatch
WARNING: Unable to find CDP implementation matching 150
Jul 30, 2026 11:31:55 PM org.openqa.selenium.chromium.ChromiumDriver lambda$new$5
WARNING: Unable to find version of CDP to use for 150.0.7871.187. You may need to include a dependency on a specific version of the CDP using something similar to `org.seleniumhq.selenium:selenium-devtools-v86:4.25.0` where the version ("v86") matches the version of the chromium-based browser you're using and the version number of the artifact is the same as Selenium's.
]]></system-err>
  </testcase>
  <testcase name="tc_11_subscribeEmailCartPage" classname="regression.TestCases" time="1.758">
    <system-out><![CDATA[Capturing screenshot for test: tc_10_subscribeEmailHomePage
Screenshot saved to: C:\Users\user\Documents\GitHub\SeleniumFrameworkTestcaseAutomation\TestCaseAutomation\Reports\REGRESSION_${BROWSER}\img-src\tc_10_subscribeEmailHomePage_2026_07_30__23_31_58.png
]]></system-out>
    <system-err><![CDATA[Jul 30, 2026 11:32:00 PM org.openqa.selenium.devtools.CdpVersionFinder findNearestMatch
WARNING: Unable to find CDP implementation matching 150
Jul 30, 2026 11:32:00 PM org.openqa.selenium.chromium.ChromiumDriver lambda$new$5
WARNING: Unable to find version of CDP to use for 150.0.7871.187. You may need to include a dependency on a specific version of the CDP using something similar to `org.seleniumhq.selenium:selenium-devtools-v86:4.25.0` where the version ("v86") matches the version of the chromium-based browser you're using and the version number of the artifact is the same as Selenium's.
]]></system-err>
  </testcase>
  <testcase name="tc_12_addToCart" classname="regression.TestCases" time="4.855">
    <system-out><![CDATA[Capturing screenshot for test: tc_11_subscribeEmailCartPage
Screenshot saved to: C:\Users\user\Documents\GitHub\SeleniumFrameworkTestcaseAutomation\TestCaseAutomation\Reports\REGRESSION_${BROWSER}\img-src\tc_11_subscribeEmailCartPage_2026_07_30__23_32_06.png
]]></system-out>
    <system-err><![CDATA[Jul 30, 2026 11:32:07 PM org.openqa.selenium.devtools.CdpVersionFinder findNearestMatch
WARNING: Unable to find CDP implementation matching 150
Jul 30, 2026 11:32:07 PM org.openqa.selenium.chromium.ChromiumDriver lambda$new$5
WARNING: Unable to find version of CDP to use for 150.0.7871.187. You may need to include a dependency on a specific version of the CDP using something similar to `org.seleniumhq.selenium:selenium-devtools-v86:4.25.0` where the version ("v86") matches the version of the chromium-based browser you're using and the version number of the artifact is the same as Selenium's.
]]></system-err>
  </testcase>
  <testcase name="tc_13_quantityIncrease" classname="regression.TestCases" time="7.417">
    <system-out><![CDATA[Capturing screenshot for test: tc_12_addToCart
Screenshot saved to: C:\Users\user\Documents\GitHub\SeleniumFrameworkTestcaseAutomation\TestCaseAutomation\Reports\REGRESSION_${BROWSER}\img-src\tc_12_addToCart_2026_07_30__23_32_15.png
]]></system-out>
    <system-err><![CDATA[Jul 30, 2026 11:32:17 PM org.openqa.selenium.devtools.CdpVersionFinder findNearestMatch
WARNING: Unable to find CDP implementation matching 150
Jul 30, 2026 11:32:17 PM org.openqa.selenium.chromium.ChromiumDriver lambda$new$5
WARNING: Unable to find version of CDP to use for 150.0.7871.187. You may need to include a dependency on a specific version of the CDP using something similar to `org.seleniumhq.selenium:selenium-devtools-v86:4.25.0` where the version ("v86") matches the version of the chromium-based browser you're using and the version number of the artifact is the same as Selenium's.
]]></system-err>
  </testcase>
  <testcase name="tc_14_placeOrderRegWhileCheckout" classname="regression.TestCases" time="25.684">
    <system-out><![CDATA[Capturing screenshot for test: tc_13_quantityIncrease
Screenshot saved to: C:\Users\user\Documents\GitHub\SeleniumFrameworkTestcaseAutomation\TestCaseAutomation\Reports\REGRESSION_${BROWSER}\img-src\tc_13_quantityIncrease_2026_07_30__23_32_27.png
]]></system-out>
    <system-err><![CDATA[Jul 30, 2026 11:32:29 PM org.openqa.selenium.devtools.CdpVersionFinder findNearestMatch
WARNING: Unable to find CDP implementation matching 150
Jul 30, 2026 11:32:29 PM org.openqa.selenium.chromium.ChromiumDriver lambda$new$5
WARNING: Unable to find version of CDP to use for 150.0.7871.187. You may need to include a dependency on a specific version of the CDP using something similar to `org.seleniumhq.selenium:selenium-devtools-v86:4.25.0` where the version ("v86") matches the version of the chromium-based browser you're using and the version number of the artifact is the same as Selenium's.
]]></system-err>
  </testcase>
  <testcase name="tc_15_regToCheckout" classname="regression.TestCases" time="22.831">
    <system-out><![CDATA[Capturing screenshot for test: tc_14_placeOrderRegWhileCheckout
Screenshot saved to: C:\Users\user\Documents\GitHub\SeleniumFrameworkTestcaseAutomation\TestCaseAutomation\Reports\REGRESSION_${BROWSER}\img-src\tc_14_placeOrderRegWhileCheckout_2026_07_30__23_32_57.png
]]></system-out>
    <system-err><![CDATA[Jul 30, 2026 11:32:59 PM org.openqa.selenium.devtools.CdpVersionFinder findNearestMatch
WARNING: Unable to find CDP implementation matching 150
Jul 30, 2026 11:32:59 PM org.openqa.selenium.chromium.ChromiumDriver lambda$new$5
WARNING: Unable to find version of CDP to use for 150.0.7871.187. You may need to include a dependency on a specific version of the CDP using something similar to `org.seleniumhq.selenium:selenium-devtools-v86:4.25.0` where the version ("v86") matches the version of the chromium-based browser you're using and the version number of the artifact is the same as Selenium's.
]]></system-err>
  </testcase>
  <testcase name="tc_16_loginBeforeCheckout" classname="regression.TestCases" time="35.088">
    <system-out><![CDATA[Capturing screenshot for test: tc_15_regToCheckout
Screenshot saved to: C:\Users\user\Documents\GitHub\SeleniumFrameworkTestcaseAutomation\TestCaseAutomation\Reports\REGRESSION_${BROWSER}\img-src\tc_15_regToCheckout_2026_07_30__23_33_24.png
]]></system-out>
    <system-err><![CDATA[Jul 30, 2026 11:33:28 PM org.openqa.selenium.devtools.CdpVersionFinder findNearestMatch
WARNING: Unable to find CDP implementation matching 150
Jul 30, 2026 11:33:28 PM org.openqa.selenium.chromium.ChromiumDriver lambda$new$5
WARNING: Unable to find version of CDP to use for 150.0.7871.187. You may need to include a dependency on a specific version of the CDP using something similar to `org.seleniumhq.selenium:selenium-devtools-v86:4.25.0` where the version ("v86") matches the version of the chromium-based browser you're using and the version number of the artifact is the same as Selenium's.
]]></system-err>
  </testcase>
  <testcase name="tc_17_removeProductsFromCart" classname="regression.TestCases" time="23.321">
    <system-out><![CDATA[Capturing screenshot for test: tc_16_loginBeforeCheckout
Screenshot saved to: C:\Users\user\Documents\GitHub\SeleniumFrameworkTestcaseAutomation\TestCaseAutomation\Reports\REGRESSION_${BROWSER}\img-src\tc_16_loginBeforeCheckout_2026_07_30__23_34_05.png
]]></system-out>
    <system-err><![CDATA[Jul 30, 2026 11:34:07 PM org.openqa.selenium.devtools.CdpVersionFinder findNearestMatch
WARNING: Unable to find CDP implementation matching 150
Jul 30, 2026 11:34:07 PM org.openqa.selenium.chromium.ChromiumDriver lambda$new$5
WARNING: Unable to find version of CDP to use for 150.0.7871.187. You may need to include a dependency on a specific version of the CDP using something similar to `org.seleniumhq.selenium:selenium-devtools-v86:4.25.0` where the version ("v86") matches the version of the chromium-based browser you're using and the version number of the artifact is the same as Selenium's.
]]></system-err>
  </testcase>
  <testcase name="tc_18_viewCategoryProducts" classname="regression.TestCases" time="5.139">
    <system-out><![CDATA[Capturing screenshot for test: tc_17_removeProductsFromCart
Screenshot saved to: C:\Users\user\Documents\GitHub\SeleniumFrameworkTestcaseAutomation\TestCaseAutomation\Reports\REGRESSION_${BROWSER}\img-src\tc_17_removeProductsFromCart_2026_07_30__23_34_31.png
]]></system-out>
    <system-err><![CDATA[Jul 30, 2026 11:34:33 PM org.openqa.selenium.devtools.CdpVersionFinder findNearestMatch
WARNING: Unable to find CDP implementation matching 150
Jul 30, 2026 11:34:33 PM org.openqa.selenium.chromium.ChromiumDriver lambda$new$5
WARNING: Unable to find version of CDP to use for 150.0.7871.187. You may need to include a dependency on a specific version of the CDP using something similar to `org.seleniumhq.selenium:selenium-devtools-v86:4.25.0` where the version ("v86") matches the version of the chromium-based browser you're using and the version number of the artifact is the same as Selenium's.
]]></system-err>
  </testcase>
  <testcase name="tc_19_viewBrandProducts" classname="regression.TestCases" time="6.125">
    <failure message="Failed to load Polo brand page expected [true] but found [false]" type="java.lang.AssertionError"><![CDATA[java.lang.AssertionError: Failed to load Polo brand page expected [true] but found [false]
	at org.testng.Assert.fail(Assert.java:110)
	at org.testng.Assert.failNotEquals(Assert.java:1413)
	at org.testng.Assert.assertTrue(Assert.java:56)
	at pageEvents.productsEventPage.navigateBrands(productsEventPage.java:110)
	at regression.TestCases.tc_19_viewBrandProducts(TestCases.java:177)
	at java.base/jdk.internal.reflect.DirectMethodHandleAccessor.invoke(DirectMethodHandleAccessor.java:103)
	at java.base/java.lang.reflect.Method.invoke(Method.java:580)
	at org.testng.internal.invokers.MethodInvocationHelper.invokeMethod(MethodInvocationHelper.java:139)
	at org.testng.internal.invokers.TestInvoker.invokeMethod(TestInvoker.java:677)
	at org.testng.internal.invokers.TestInvoker.invokeTestMethod(TestInvoker.java:221)
	at org.testng.internal.invokers.MethodRunner.runInSequence(MethodRunner.java:50)
	at org.testng.internal.invokers.TestInvoker$MethodInvocationAgent.invoke(TestInvoker.java:969)
	at org.testng.internal.invokers.TestInvoker.invokeTestMethods(TestInvoker.java:194)
	at org.testng.internal.invokers.TestMethodWorker.invokeTestMethods(TestMethodWorker.java:148)
	at org.testng.internal.invokers.TestMethodWorker.run(TestMethodWorker.java:128)
	at java.base/java.util.ArrayList.forEach(ArrayList.java:1597)
	at org.testng.TestRunner.privateRun(TestRunner.java:829)
	at org.testng.TestRunner.run(TestRunner.java:602)
	at org.testng.SuiteRunner.runTest(SuiteRunner.java:437)
	at org.testng.SuiteRunner.runSequentially(SuiteRunner.java:431)
	at org.testng.SuiteRunner.privateRun(SuiteRunner.java:391)
	at org.testng.SuiteRunner.run(SuiteRunner.java:330)
	at org.testng.SuiteRunnerWorker.runSuite(SuiteRunnerWorker.java:52)
	at org.testng.SuiteRunnerWorker.run(SuiteRunnerWorker.java:95)
	at org.testng.TestNG.runSuitesSequentially(TestNG.java:1256)
	at org.testng.TestNG.runSuitesLocally(TestNG.java:1176)
	at org.testng.TestNG.runSuites(TestNG.java:1099)
	at org.testng.TestNG.run(TestNG.java:1067)
	at org.apache.maven.surefire.testng.TestNGExecutor.run(TestNGExecutor.java:308)
	at org.apache.maven.surefire.testng.TestNGXmlTestSuite.execute(TestNGXmlTestSuite.java:71)
	at org.apache.maven.surefire.testng.TestNGProvider.invoke(TestNGProvider.java:113)
	at org.apache.maven.surefire.booter.ForkedBooter.runSuitesInProcess(ForkedBooter.java:385)
	at org.apache.maven.surefire.booter.ForkedBooter.execute(ForkedBooter.java:162)
	at org.apache.maven.surefire.booter.ForkedBooter.run(ForkedBooter.java:507)
	at org.apache.maven.surefire.booter.ForkedBooter.main(ForkedBooter.java:495)
]]></failure>
    <system-out><![CDATA[Capturing screenshot for test: tc_18_viewCategoryProducts
Screenshot saved to: C:\Users\user\Documents\GitHub\SeleniumFrameworkTestcaseAutomation\TestCaseAutomation\Reports\REGRESSION_${BROWSER}\img-src\tc_18_viewCategoryProducts_2026_07_30__23_34_39.png
]]></system-out>
    <system-err><![CDATA[Jul 30, 2026 11:34:40 PM org.openqa.selenium.devtools.CdpVersionFinder findNearestMatch
WARNING: Unable to find CDP implementation matching 150
Jul 30, 2026 11:34:40 PM org.openqa.selenium.chromium.ChromiumDriver lambda$new$5
WARNING: Unable to find version of CDP to use for 150.0.7871.187. You may need to include a dependency on a specific version of the CDP using something similar to `org.seleniumhq.selenium:selenium-devtools-v86:4.25.0` where the version ("v86") matches the version of the chromium-based browser you're using and the version number of the artifact is the same as Selenium's.
]]></system-err>
  </testcase>
  <testcase name="tc_20_searchProductsAndVerifyCartAfterLogin" classname="regression.TestCases" time="25.919">
    <system-out><![CDATA[Capturing screenshot for test: tc_19_viewBrandProducts
Screenshot saved to: C:\Users\user\Documents\GitHub\SeleniumFrameworkTestcaseAutomation\TestCaseAutomation\Reports\REGRESSION_${BROWSER}\img-src\tc_19_viewBrandProducts_2026_07_30__23_34_50.png
]]></system-out>
    <system-err><![CDATA[Jul 30, 2026 11:34:51 PM org.openqa.selenium.devtools.CdpVersionFinder findNearestMatch
WARNING: Unable to find CDP implementation matching 150
Jul 30, 2026 11:34:51 PM org.openqa.selenium.chromium.ChromiumDriver lambda$new$5
WARNING: Unable to find version of CDP to use for 150.0.7871.187. You may need to include a dependency on a specific version of the CDP using something similar to `org.seleniumhq.selenium:selenium-devtools-v86:4.25.0` where the version ("v86") matches the version of the chromium-based browser you're using and the version number of the artifact is the same as Selenium's.
]]></system-err>
  </testcase>
  <testcase name="tc_21_addReviewOnProduct" classname="regression.TestCases" time="13.829">
    <system-out><![CDATA[Capturing screenshot for test: tc_20_searchProductsAndVerifyCartAfterLogin
Screenshot saved to: C:\Users\user\Documents\GitHub\SeleniumFrameworkTestcaseAutomation\TestCaseAutomation\Reports\REGRESSION_${BROWSER}\img-src\tc_20_searchProductsAndVerifyCartAfterLogin_2026_07_30__23_35_18.png
]]></system-out>
    <system-err><![CDATA[Jul 30, 2026 11:35:20 PM org.openqa.selenium.devtools.CdpVersionFinder findNearestMatch
WARNING: Unable to find CDP implementation matching 150
Jul 30, 2026 11:35:20 PM org.openqa.selenium.chromium.ChromiumDriver lambda$new$5
WARNING: Unable to find version of CDP to use for 150.0.7871.187. You may need to include a dependency on a specific version of the CDP using something similar to `org.seleniumhq.selenium:selenium-devtools-v86:4.25.0` where the version ("v86") matches the version of the chromium-based browser you're using and the version number of the artifact is the same as Selenium's.
]]></system-err>
  </testcase>
  <testcase name="tc_22_addToCartFromRecommendedItems" classname="regression.TestCases" time="7.933">
    <system-out><![CDATA[Capturing screenshot for test: tc_21_addReviewOnProduct
Screenshot saved to: C:\Users\user\Documents\GitHub\SeleniumFrameworkTestcaseAutomation\TestCaseAutomation\Reports\REGRESSION_${BROWSER}\img-src\tc_21_addReviewOnProduct_2026_07_30__23_35_38.png
]]></system-out>
    <system-err><![CDATA[Jul 30, 2026 11:35:40 PM org.openqa.selenium.devtools.CdpVersionFinder findNearestMatch
WARNING: Unable to find CDP implementation matching 150
Jul 30, 2026 11:35:40 PM org.openqa.selenium.chromium.ChromiumDriver lambda$new$5
WARNING: Unable to find version of CDP to use for 150.0.7871.187. You may need to include a dependency on a specific version of the CDP using something similar to `org.seleniumhq.selenium:selenium-devtools-v86:4.25.0` where the version ("v86") matches the version of the chromium-based browser you're using and the version number of the artifact is the same as Selenium's.
]]></system-err>
  </testcase>
  <testcase name="tc_23_verifyAddressDetailsInCheckoutPage" classname="regression.TestCases" time="29.693">
    <system-out><![CDATA[Capturing screenshot for test: tc_22_addToCartFromRecommendedItems
Screenshot saved to: C:\Users\user\Documents\GitHub\SeleniumFrameworkTestcaseAutomation\TestCaseAutomation\Reports\REGRESSION_${BROWSER}\img-src\tc_22_addToCartFromRecommendedItems_2026_07_30__23_35_51.png
]]></system-out>
    <system-err><![CDATA[Jul 30, 2026 11:35:52 PM org.openqa.selenium.devtools.CdpVersionFinder findNearestMatch
WARNING: Unable to find CDP implementation matching 150
Jul 30, 2026 11:35:52 PM org.openqa.selenium.chromium.ChromiumDriver lambda$new$5
WARNING: Unable to find version of CDP to use for 150.0.7871.187. You may need to include a dependency on a specific version of the CDP using something similar to `org.seleniumhq.selenium:selenium-devtools-v86:4.25.0` where the version ("v86") matches the version of the chromium-based browser you're using and the version number of the artifact is the same as Selenium's.
]]></system-err>
  </testcase>
  <testcase name="tc_24_downloadInvoiceAfterPurchaseOrder" classname="regression.TestCases" time="25.157">
    <system-out><![CDATA[Capturing screenshot for test: tc_23_verifyAddressDetailsInCheckoutPage
Screenshot saved to: C:\Users\user\Documents\GitHub\SeleniumFrameworkTestcaseAutomation\TestCaseAutomation\Reports\REGRESSION_${BROWSER}\img-src\tc_23_verifyAddressDetailsInCheckoutPage_2026_07_30__23_36_24.png
]]></system-out>
    <system-err><![CDATA[Jul 30, 2026 11:36:26 PM org.openqa.selenium.devtools.CdpVersionFinder findNearestMatch
WARNING: Unable to find CDP implementation matching 150
Jul 30, 2026 11:36:26 PM org.openqa.selenium.chromium.ChromiumDriver lambda$new$5
WARNING: Unable to find version of CDP to use for 150.0.7871.187. You may need to include a dependency on a specific version of the CDP using something similar to `org.seleniumhq.selenium:selenium-devtools-v86:4.25.0` where the version ("v86") matches the version of the chromium-based browser you're using and the version number of the artifact is the same as Selenium's.
]]></system-err>
  </testcase>
  <testcase name="tc_25_verifyScrollUpUsingArrowButton" classname="regression.TestCases" time="2.35">
    <system-out><![CDATA[Capturing screenshot for test: tc_24_downloadInvoiceAfterPurchaseOrder
Screenshot saved to: C:\Users\user\Documents\GitHub\SeleniumFrameworkTestcaseAutomation\TestCaseAutomation\Reports\REGRESSION_${BROWSER}\img-src\tc_24_downloadInvoiceAfterPurchaseOrder_2026_07_30__23_36_54.png
]]></system-out>
    <system-err><![CDATA[Jul 30, 2026 11:36:56 PM org.openqa.selenium.devtools.CdpVersionFinder findNearestMatch
WARNING: Unable to find CDP implementation matching 150
Jul 30, 2026 11:36:56 PM org.openqa.selenium.chromium.ChromiumDriver lambda$new$5
WARNING: Unable to find version of CDP to use for 150.0.7871.187. You may need to include a dependency on a specific version of the CDP using something similar to `org.seleniumhq.selenium:selenium-devtools-v86:4.25.0` where the version ("v86") matches the version of the chromium-based browser you're using and the version number of the artifact is the same as Selenium's.
]]></system-err>
  </testcase>
  <testcase name="tc_26_verifyScrollUpWithoutArrowButton" classname="regression.TestCases" time="0.454">
    <system-out><![CDATA[Capturing screenshot for test: tc_25_verifyScrollUpUsingArrowButton
Screenshot saved to: C:\Users\user\Documents\GitHub\SeleniumFrameworkTestcaseAutomation\TestCaseAutomation\Reports\REGRESSION_${BROWSER}\img-src\tc_25_verifyScrollUpUsingArrowButton_2026_07_30__23_37_02.png
]]></system-out>
    <system-err><![CDATA[Jul 30, 2026 11:37:03 PM org.openqa.selenium.devtools.CdpVersionFinder findNearestMatch
WARNING: Unable to find CDP implementation matching 150
Jul 30, 2026 11:37:03 PM org.openqa.selenium.chromium.ChromiumDriver lambda$new$5
WARNING: Unable to find version of CDP to use for 150.0.7871.187. You may need to include a dependency on a specific version of the CDP using something similar to `org.seleniumhq.selenium:selenium-devtools-v86:4.25.0` where the version ("v86") matches the version of the chromium-based browser you're using and the version number of the artifact is the same as Selenium's.
]]></system-err>
  </testcase>
</testsuite>