<?xml version="1.0" encoding="UTF-8"?>
<testng-results ignored="0" total="26" passed="24" failed="2" skipped="0">
  <reporter-output>
  </reporter-output>
  <suite started-at="2026-07-30T23:29:28 PST" name="Suite" finished-at="2026-07-30T23:37:07 PST" duration-ms="459323">
    <groups>
    </groups>
    <test started-at="2026-07-30T23:29:28 PST" name="Test" finished-at="2026-07-30T23:37:07 PST" duration-ms="459323">
      <class name="regression.TestCases">
        <test-method is-config="true" signature="prepareReport(java.lang.String)[pri:0, instance:regression.TestCases@293a5bf6]" started-at="2026-07-30T23:29:28 PST" name="prepareReport" finished-at="2026-07-30T23:29:28 PST" duration-ms="497" status="PASS">
          <params>
            <param index="0">
              <value>
                <![CDATA[${browser}]]>
              </value>
            </param>
          </params>
          <reporter-output>
          </reporter-output>
        </test-method> <!-- prepareReport -->
        <test-method is-config="true" signature="setup(java.lang.reflect.Method)[pri:0, instance:regression.TestCases@293a5bf6]" started-at="2026-07-30T23:29:28 PST" name="setup" finished-at="2026-07-30T23:29:34 PST" duration-ms="5694" status="PASS">
          <params>
            <param index="0">
              <value>
                <![CDATA[public void regression.TestCases.tc_01_Register()]]>
              </value>
            </param>
          </params>
          <reporter-output>
          </reporter-output>
        </test-method> <!-- setup -->
        <test-method signature="tc_01_Register()[pri:1, instance:regression.TestCases@293a5bf6]" started-at="2026-07-30T23:29:34 PST" name="tc_01_Register" finished-at="2026-07-30T23:29:45 PST" duration-ms="10897" status="PASS">
          <reporter-output>
          </reporter-output>
        </test-method> <!-- tc_01_Register -->
        <test-method is-config="true" signature="afterMethod(org.testng.ITestResult)[pri:0, instance:regression.TestCases@293a5bf6]" started-at="2026-07-30T23:29:45 PST" name="afterMethod" finished-at="2026-07-30T23:29:46 PST" duration-ms="1208" status="PASS">
          <params>
            <param index="0">
              <value>
                <![CDATA[[TestResult name=tc_01_Register status=SUCCESS method=TestCases.tc_01_Register()[pri:1, instance:regression.TestCases@293a5bf6] output={null}]]]>
              </value>
            </param>
          </params>
          <reporter-output>
          </reporter-output>
        </test-method> <!-- afterMethod -->
        <test-method is-config="true" signature="setup(java.lang.reflect.Method)[pri:0, instance:regression.TestCases@293a5bf6]" started-at="2026-07-30T23:29:46 PST" name="setup" finished-at="2026-07-30T23:29:50 PST" duration-ms="4130" status="PASS">
          <params>
            <param index="0">
              <value>
                <![CDATA[public void regression.TestCases.tc_02_Login()]]>
              </value>
            </param>
          </params>
          <reporter-output>
          </reporter-output>
        </test-method> <!-- setup -->
        <test-method signature="tc_02_Login()[pri:2, instance:regression.TestCases@293a5bf6]" started-at="2026-07-30T23:29:50 PST" name="tc_02_Login" finished-at="2026-07-30T23:29:56 PST" duration-ms="5877" status="PASS">
          <reporter-output>
          </reporter-output>
        </test-method> <!-- tc_02_Login -->
        <test-method is-config="true" signature="afterMethod(org.testng.ITestResult)[pri:0, instance:regression.TestCases@293a5bf6]" started-at="2026-07-30T23:29:56 PST" name="afterMethod" finished-at="2026-07-30T23:29:57 PST" duration-ms="574" status="PASS">
          <params>
            <param index="0">
              <value>
                <![CDATA[[TestResult name=tc_02_Login status=SUCCESS method=TestCases.tc_02_Login()[pri:2, instance:regression.TestCases@293a5bf6] output={null}]]]>
              </value>
            </param>
          </params>
          <reporter-output>
          </reporter-output>
        </test-method> <!-- afterMethod -->
        <test-method is-config="true" signature="setup(java.lang.reflect.Method)[pri:0, instance:regression.TestCases@293a5bf6]" started-at="2026-07-30T23:29:57 PST" name="setup" finished-at="2026-07-30T23:30:01 PST" duration-ms="4886" status="PASS">
          <params>
            <param index="0">
              <value>
                <![CDATA[public void regression.TestCases.tc_03_incorrectEmailPass()]]>
              </value>
            </param>
          </params>
          <reporter-output>
          </reporter-output>
        </test-method> <!-- setup -->
        <test-method signature="tc_03_incorrectEmailPass()[pri:3, instance:regression.TestCases@293a5bf6]" started-at="2026-07-30T23:30:01 PST" name="tc_03_incorrectEmailPass" finished-at="2026-07-30T23:30:05 PST" duration-ms="3491" status="PASS">
          <reporter-output>
          </reporter-output>
        </test-method> <!-- tc_03_incorrectEmailPass -->
        <test-method is-config="true" signature="afterMethod(org.testng.ITestResult)[pri:0, instance:regression.TestCases@293a5bf6]" started-at="2026-07-30T23:30:05 PST" name="afterMethod" finished-at="2026-07-30T23:30:05 PST" duration-ms="451" status="PASS">
          <params>
            <param index="0">
              <value>
                <![CDATA[[TestResult name=tc_03_incorrectEmailPass status=SUCCESS method=TestCases.tc_03_incorrectEmailPass()[pri:3, instance:regression.TestCases@293a5bf6] output={null}]]]>
              </value>
            </param>
          </params>
          <reporter-output>
          </reporter-output>
        </test-method> <!-- afterMethod -->
        <test-method is-config="true" signature="setup(java.lang.reflect.Method)[pri:0, instance:regression.TestCases@293a5bf6]" started-at="2026-07-30T23:30:05 PST" name="setup" finished-at="2026-07-30T23:30:10 PST" duration-ms="4380" status="PASS">
          <params>
            <param index="0">
              <value>
                <![CDATA[public void regression.TestCases.tc_04_accountLogout()]]>
              </value>
            </param>
          </params>
          <reporter-output>
          </reporter-output>
        </test-method> <!-- setup -->
        <test-method signature="tc_04_accountLogout()[pri:4, instance:regression.TestCases@293a5bf6]" started-at="2026-07-30T23:30:10 PST" name="tc_04_accountLogout" finished-at="2026-07-30T23:31:03 PST" duration-ms="53324" status="FAIL">
          <exception class="org.openqa.selenium.NoSuchElementException">
            <message>
              <![CDATA[no such element: Unable to locate element: {"method":"xpath","selector":"//a[normalize-space()='Signup / Login']"}
  (Session info: chrome=150.0.7871.187)
For documentation on this error, please visit: https://www.selenium.dev/documentation/webdriver/troubleshooting/errors#no-such-element-exception
Build info: version: '4.25.0', revision: '8a8aea2337'
System info: os.name: 'Windows 10', os.arch: 'amd64', os.version: '10.0', java.version: '22.0.1'
Driver info: org.openqa.selenium.chrome.ChromeDriver
Command: [6ab7bd9eeff8019d652ce88287d7dc56, findElement {value=//a[normalize-space()='Signup / Login'], using=xpath}]
Capabilities {acceptInsecureCerts: false, browserName: chrome, browserVersion: 150.0.7871.187, chrome: {chromedriverVersion: 150.0.7871.124 (9261fd0a595..., userDataDir: C:\Users\user\AppData\Local...}, fedcm:accounts: true, goog:chromeOptions: {debuggerAddress: localhost:51033}, goog:processID: 4120, networkConnectionEnabled: false, pageLoadStrategy: normal, platformName: windows, proxy: Proxy(), se:cdp: ws://localhost:51033/devtoo..., se:cdpVersion: 150.0.7871.187, setWindowRect: true, strictFileInteractability: false, timeouts: {implicit: 0, pageLoad: 300000, script: 30000}, unhandledPromptBehavior: dismiss and notify, webauthn:extension:credBlob: true, webauthn:extension:largeBlob: true, webauthn:extension:minPinLength: true, webauthn:extension:prf: true, webauthn:virtualAuthenticators: true}
Session ID: 6ab7bd9eeff8019d652ce88287d7dc56]]>
            </message>
            <full-stacktrace>
              <![CDATA[org.openqa.selenium.NoSuchElementException: no such element: Unable to locate element: {"method":"xpath","selector":"//a[normalize-space()='Signup / Login']"}
  (Session info: chrome=150.0.7871.187)
For documentation on this error, please visit: https://www.selenium.dev/documentation/webdriver/troubleshooting/errors#no-such-element-exception
Build info: version: '4.25.0', revision: '8a8aea2337'
System info: os.name: 'Windows 10', os.arch: 'amd64', os.version: '10.0', java.version: '22.0.1'
Driver info: org.openqa.selenium.chrome.ChromeDriver
Command: [6ab7bd9eeff8019d652ce88287d7dc56, findElement {value=//a[normalize-space()='Signup / Login'], using=xpath}]
Capabilities {acceptInsecureCerts: false, browserName: chrome, browserVersion: 150.0.7871.187, chrome: {chromedriverVersion: 150.0.7871.124 (9261fd0a595..., userDataDir: C:\Users\user\AppData\Local...}, fedcm:accounts: true, goog:chromeOptions: {debuggerAddress: localhost:51033}, goog:processID: 4120, networkConnectionEnabled: false, pageLoadStrategy: normal, platformName: windows, proxy: Proxy(), se:cdp: ws://localhost:51033/devtoo..., se:cdpVersion: 150.0.7871.187, setWindowRect: true, strictFileInteractability: false, timeouts: {implicit: 0, pageLoad: 300000, script: 30000}, unhandledPromptBehavior: dismiss and notify, webauthn:extension:credBlob: true, webauthn:extension:largeBlob: true, webauthn:extension:minPinLength: true, webauthn:extension:prf: true, webauthn:virtualAuthenticators: true}
Session ID: 6ab7bd9eeff8019d652ce88287d7dc56
at java.base/jdk.internal.reflect.DirectConstructorHandleAccessor.newInstance(DirectConstructorHandleAccessor.java:62)
at java.base/java.lang.reflect.Constructor.newInstanceWithCaller(Constructor.java:502)
at java.base/java.lang.reflect.Constructor.newInstance(Constructor.java:486)
at org.openqa.selenium.remote.ErrorCodec.decode(ErrorCodec.java:167)
at org.openqa.selenium.remote.codec.w3c.W3CHttpResponseCodec.decode(W3CHttpResponseCodec.java:138)
at org.openqa.selenium.remote.codec.w3c.W3CHttpResponseCodec.decode(W3CHttpResponseCodec.java:50)
at org.openqa.selenium.remote.HttpCommandExecutor.execute(HttpCommandExecutor.java:190)
at org.openqa.selenium.remote.service.DriverCommandExecutor.invokeExecute(DriverCommandExecutor.java:216)
at org.openqa.selenium.remote.service.DriverCommandExecutor.execute(DriverCommandExecutor.java:174)
at org.openqa.selenium.remote.RemoteWebDriver.execute(RemoteWebDriver.java:545)
at org.openqa.selenium.remote.ElementLocation$ElementFinder$2.findElement(ElementLocation.java:165)
at org.openqa.selenium.remote.ElementLocation.findElement(ElementLocation.java:59)
at org.openqa.selenium.remote.RemoteWebDriver.findElement(RemoteWebDriver.java:368)
at org.openqa.selenium.remote.RemoteWebDriver.findElement(RemoteWebDriver.java:362)
at base.BaseTest.click(BaseTest.java:257)
at pageEvents.mainPageEvents.clickLoginSignupTab(mainPageEvents.java:11)
at pageEvents.loginPageEvents.login(loginPageEvents.java:11)
at regression.TestCases.tc_04_accountLogout(TestCases.java:85)
at java.base/jdk.internal.reflect.DirectMethodHandleAccessor.invoke(DirectMethodHandleAccessor.java:103)
at java.base/java.lang.reflect.Method.invoke(Method.java:580)
at org.testng.internal.invokers.MethodInvocationHelper.invokeMethod(MethodInvocationHelper.java:139)
at org.testng.internal.invokers.TestInvoker.invokeMethod(TestInvoker.java:677)
at org.testng.internal.invokers.TestInvoker.invokeTestMethod(TestInvoker.java:221)
at org.testng.internal.invokers.MethodRunner.runInSequence(MethodRunner.java:50)
at org.testng.internal.invokers.TestInvoker$MethodInvocationAgent.invoke(TestInvoker.java:969)
at org.testng.internal.invokers.TestInvoker.invokeTestMethods(TestInvoker.java:194)
at org.testng.internal.invokers.TestMethodWorker.invokeTestMethods(TestMethodWorker.java:148)
at org.testng.internal.invokers.TestMethodWorker.run(TestMethodWorker.java:128)
at java.base/java.util.ArrayList.forEach(ArrayList.java:1597)
at org.testng.TestRunner.privateRun(TestRunner.java:829)
at org.testng.TestRunner.run(TestRunner.java:602)
at org.testng.SuiteRunner.runTest(SuiteRunner.java:437)
at org.testng.SuiteRunner.runSequentially(SuiteRunner.java:431)
at org.testng.SuiteRunner.privateRun(SuiteRunner.java:391)
at org.testng.SuiteRunner.run(SuiteRunner.java:330)
at org.testng.SuiteRunnerWorker.runSuite(SuiteRunnerWorker.java:52)
at org.testng.SuiteRunnerWorker.run(SuiteRunnerWorker.java:95)
at org.testng.TestNG.runSuitesSequentially(TestNG.java:1256)
at org.testng.TestNG.runSuitesLocally(TestNG.java:1176)
at org.testng.TestNG.runSuites(TestNG.java:1099)
at org.testng.TestNG.run(TestNG.java:1067)
at org.apache.maven.surefire.testng.TestNGExecutor.run(TestNGExecutor.java:308)
at org.apache.maven.surefire.testng.TestNGXmlTestSuite.execute(TestNGXmlTestSuite.java:71)
at org.apache.maven.surefire.testng.TestNGProvider.invoke(TestNGProvider.java:113)
at org.apache.maven.surefire.booter.ForkedBooter.runSuitesInProcess(ForkedBooter.java:385)
at org.apache.maven.surefire.booter.ForkedBooter.execute(ForkedBooter.java:162)
at org.apache.maven.surefire.booter.ForkedBooter.run(ForkedBooter.java:507)
at org.apache.maven.surefire.booter.ForkedBooter.main(ForkedBooter.java:495)
]]>
            </full-stacktrace>
          </exception> <!-- org.openqa.selenium.NoSuchElementException -->
          <reporter-output>
          </reporter-output>
        </test-method> <!-- tc_04_accountLogout -->
        <test-method is-config="true" signature="afterMethod(org.testng.ITestResult)[pri:0, instance:regression.TestCases@293a5bf6]" started-at="2026-07-30T23:31:03 PST" name="afterMethod" finished-at="2026-07-30T23:31:04 PST" duration-ms="613" status="PASS">
          <params>
            <param index="0">
              <value>
                <![CDATA[[TestResult name=tc_04_accountLogout status=FAILURE method=TestCases.tc_04_accountLogout()[pri:4, instance:regression.TestCases@293a5bf6] output={null}]]]>
              </value>
            </param>
          </params>
          <reporter-output>
          </reporter-output>
        </test-method> <!-- afterMethod -->
        <test-method is-config="true" signature="setup(java.lang.reflect.Method)[pri:0, instance:regression.TestCases@293a5bf6]" started-at="2026-07-30T23:31:04 PST" name="setup" finished-at="2026-07-30T23:31:09 PST" duration-ms="5250" status="PASS">
          <params>
            <param index="0">
              <value>
                <![CDATA[public void regression.TestCases.tc_05_regExistingEmail()]]>
              </value>
            </param>
          </params>
          <reporter-output>
          </reporter-output>
        </test-method> <!-- setup -->
        <test-method signature="tc_05_regExistingEmail()[pri:5, instance:regression.TestCases@293a5bf6]" started-at="2026-07-30T23:31:09 PST" name="tc_05_regExistingEmail" finished-at="2026-07-30T23:31:18 PST" duration-ms="9143" status="PASS">
          <reporter-output>
          </reporter-output>
        </test-method> <!-- tc_05_regExistingEmail -->
        <test-method is-config="true" signature="afterMethod(org.testng.ITestResult)[pri:0, instance:regression.TestCases@293a5bf6]" started-at="2026-07-30T23:31:18 PST" name="afterMethod" finished-at="2026-07-30T23:31:20 PST" duration-ms="1800" status="PASS">
          <params>
            <param index="0">
              <value>
                <![CDATA[[TestResult name=tc_05_regExistingEmail status=SUCCESS method=TestCases.tc_05_regExistingEmail()[pri:5, instance:regression.TestCases@293a5bf6] output={null}]]]>
              </value>
            </param>
          </params>
          <reporter-output>
          </reporter-output>
        </test-method> <!-- afterMethod -->
        <test-method is-config="true" signature="setup(java.lang.reflect.Method)[pri:0, instance:regression.TestCases@293a5bf6]" started-at="2026-07-30T23:31:20 PST" name="setup" finished-at="2026-07-30T23:31:22 PST" duration-ms="2108" status="PASS">
          <params>
            <param index="0">
              <value>
                <![CDATA[public void regression.TestCases.tc_06_contactForm()]]>
              </value>
            </param>
          </params>
          <reporter-output>
          </reporter-output>
        </test-method> <!-- setup -->
        <test-method signature="tc_06_contactForm()[pri:6, instance:regression.TestCases@293a5bf6]" started-at="2026-07-30T23:31:22 PST" name="tc_06_contactForm" finished-at="2026-07-30T23:31:27 PST" duration-ms="4486" status="PASS">
          <reporter-output>
          </reporter-output>
        </test-method> <!-- tc_06_contactForm -->
        <test-method is-config="true" signature="afterMethod(org.testng.ITestResult)[pri:0, instance:regression.TestCases@293a5bf6]" started-at="2026-07-30T23:31:27 PST" name="afterMethod" finished-at="2026-07-30T23:31:27 PST" duration-ms="474" status="PASS">
          <params>
            <param index="0">
              <value>
                <![CDATA[[TestResult name=tc_06_contactForm status=SUCCESS method=TestCases.tc_06_contactForm()[pri:6, instance:regression.TestCases@293a5bf6] output={null}]]]>
              </value>
            </param>
          </params>
          <reporter-output>
          </reporter-output>
        </test-method> <!-- afterMethod -->
        <test-method is-config="true" signature="setup(java.lang.reflect.Method)[pri:0, instance:regression.TestCases@293a5bf6]" started-at="2026-07-30T23:31:27 PST" name="setup" finished-at="2026-07-30T23:31:31 PST" duration-ms="4335" status="PASS">
          <params>
            <param index="0">
              <value>
                <![CDATA[public void regression.TestCases.tc_07_testcases()]]>
              </value>
            </param>
          </params>
          <reporter-output>
          </reporter-output>
        </test-method> <!-- setup -->
        <test-method signature="tc_07_testcases()[pri:7, instance:regression.TestCases@293a5bf6]" started-at="2026-07-30T23:31:31 PST" name="tc_07_testcases" finished-at="2026-07-30T23:31:34 PST" duration-ms="2350" status="PASS">
          <reporter-output>
          </reporter-output>
        </test-method> <!-- tc_07_testcases -->
        <test-method is-config="true" signature="afterMethod(org.testng.ITestResult)[pri:0, instance:regression.TestCases@293a5bf6]" started-at="2026-07-30T23:31:34 PST" name="afterMethod" finished-at="2026-07-30T23:31:34 PST" duration-ms="426" status="PASS">
          <params>
            <param index="0">
              <value>
                <![CDATA[[TestResult name=tc_07_testcases status=SUCCESS method=TestCases.tc_07_testcases()[pri:7, instance:regression.TestCases@293a5bf6] output={null}]]]>
              </value>
            </param>
          </params>
          <reporter-output>
          </reporter-output>
        </test-method> <!-- afterMethod -->
        <test-method is-config="true" signature="setup(java.lang.reflect.Method)[pri:0, instance:regression.TestCases@293a5bf6]" started-at="2026-07-30T23:31:34 PST" name="setup" finished-at="2026-07-30T23:31:39 PST" duration-ms="4454" status="PASS">
          <params>
            <param index="0">
              <value>
                <![CDATA[public void regression.TestCases.tc_08_products()]]>
              </value>
            </param>
          </params>
          <reporter-output>
          </reporter-output>
        </test-method> <!-- setup -->
        <test-method signature="tc_08_products()[pri:8, instance:regression.TestCases@293a5bf6]" started-at="2026-07-30T23:31:39 PST" name="tc_08_products" finished-at="2026-07-30T23:31:45 PST" duration-ms="5994" status="PASS">
          <reporter-output>
          </reporter-output>
        </test-method> <!-- tc_08_products -->
        <test-method is-config="true" signature="afterMethod(org.testng.ITestResult)[pri:0, instance:regression.TestCases@293a5bf6]" started-at="2026-07-30T23:31:45 PST" name="afterMethod" finished-at="2026-07-30T23:31:45 PST" duration-ms="616" status="PASS">
          <params>
            <param index="0">
              <value>
                <![CDATA[[TestResult name=tc_08_products status=SUCCESS method=TestCases.tc_08_products()[pri:8, instance:regression.TestCases@293a5bf6] output={null}]]]>
              </value>
            </param>
          </params>
          <reporter-output>
          </reporter-output>
        </test-method> <!-- afterMethod -->
        <test-method is-config="true" signature="setup(java.lang.reflect.Method)[pri:0, instance:regression.TestCases@293a5bf6]" started-at="2026-07-30T23:31:45 PST" name="setup" finished-at="2026-07-30T23:31:49 PST" duration-ms="3482" status="PASS">
          <params>
            <param index="0">
              <value>
                <![CDATA[public void regression.TestCases.tc_09_searchProduct()]]>
              </value>
            </param>
          </params>
          <reporter-output>
          </reporter-output>
        </test-method> <!-- setup -->
        <test-method signature="tc_09_searchProduct()[pri:9, instance:regression.TestCases@293a5bf6]" started-at="2026-07-30T23:31:49 PST" name="tc_09_searchProduct" finished-at="2026-07-30T23:31:53 PST" duration-ms="4639" status="PASS">
          <reporter-output>
          </reporter-output>
        </test-method> <!-- tc_09_searchProduct -->
        <test-method is-config="true" signature="afterMethod(org.testng.ITestResult)[pri:0, instance:regression.TestCases@293a5bf6]" started-at="2026-07-30T23:31:53 PST" name="afterMethod" finished-at="2026-07-30T23:31:54 PST" duration-ms="424" status="PASS">
          <params>
            <param index="0">
              <value>
                <![CDATA[[TestResult name=tc_09_searchProduct status=SUCCESS method=TestCases.tc_09_searchProduct()[pri:9, instance:regression.TestCases@293a5bf6] output={null}]]]>
              </value>
            </param>
          </params>
          <reporter-output>
          </reporter-output>
        </test-method> <!-- afterMethod -->
        <test-method is-config="true" signature="setup(java.lang.reflect.Method)[pri:0, instance:regression.TestCases@293a5bf6]" started-at="2026-07-30T23:31:54 PST" name="setup" finished-at="2026-07-30T23:31:58 PST" duration-ms="3886" status="PASS">
          <params>
            <param index="0">
              <value>
                <![CDATA[public void regression.TestCases.tc_10_subscribeEmailHomePage()]]>
              </value>
            </param>
          </params>
          <reporter-output>
          </reporter-output>
        </test-method> <!-- setup -->
        <test-method signature="tc_10_subscribeEmailHomePage()[pri:10, instance:regression.TestCases@293a5bf6]" started-at="2026-07-30T23:31:58 PST" name="tc_10_subscribeEmailHomePage" finished-at="2026-07-30T23:31:58 PST" duration-ms="768" status="PASS">
          <reporter-output>
          </reporter-output>
        </test-method> <!-- tc_10_subscribeEmailHomePage -->
        <test-method is-config="true" signature="afterMethod(org.testng.ITestResult)[pri:0, instance:regression.TestCases@293a5bf6]" started-at="2026-07-30T23:31:58 PST" name="afterMethod" finished-at="2026-07-30T23:31:59 PST" duration-ms="344" status="PASS">
          <params>
            <param index="0">
              <value>
                <![CDATA[[TestResult name=tc_10_subscribeEmailHomePage status=SUCCESS method=TestCases.tc_10_subscribeEmailHomePage()[pri:10, instance:regression.TestCases@293a5bf6] output={null}]]]>
              </value>
            </param>
          </params>
          <reporter-output>
          </reporter-output>
        </test-method> <!-- afterMethod -->
        <test-method is-config="true" signature="setup(java.lang.reflect.Method)[pri:0, instance:regression.TestCases@293a5bf6]" started-at="2026-07-30T23:31:59 PST" name="setup" finished-at="2026-07-30T23:32:04 PST" duration-ms="5401" status="PASS">
          <params>
            <param index="0">
              <value>
                <![CDATA[public void regression.TestCases.tc_11_subscribeEmailCartPage()]]>
              </value>
            </param>
          </params>
          <reporter-output>
          </reporter-output>
        </test-method> <!-- setup -->
        <test-method signature="tc_11_subscribeEmailCartPage()[pri:11, instance:regression.TestCases@293a5bf6]" started-at="2026-07-30T23:32:04 PST" name="tc_11_subscribeEmailCartPage" finished-at="2026-07-30T23:32:06 PST" duration-ms="1759" status="PASS">
          <reporter-output>
          </reporter-output>
        </test-method> <!-- tc_11_subscribeEmailCartPage -->
        <test-method is-config="true" signature="afterMethod(org.testng.ITestResult)[pri:0, instance:regression.TestCases@293a5bf6]" started-at="2026-07-30T23:32:06 PST" name="afterMethod" finished-at="2026-07-30T23:32:06 PST" duration-ms="337" status="PASS">
          <params>
            <param index="0">
              <value>
                <![CDATA[[TestResult name=tc_11_subscribeEmailCartPage status=SUCCESS method=TestCases.tc_11_subscribeEmailCartPage()[pri:11, instance:regression.TestCases@293a5bf6] output={null}]]]>
              </value>
            </param>
          </params>
          <reporter-output>
          </reporter-output>
        </test-method> <!-- afterMethod -->
        <test-method is-config="true" signature="setup(java.lang.reflect.Method)[pri:0, instance:regression.TestCases@293a5bf6]" started-at="2026-07-30T23:32:06 PST" name="setup" finished-at="2026-07-30T23:32:10 PST" duration-ms="4043" status="PASS">
          <params>
            <param index="0">
              <value>
                <![CDATA[public void regression.TestCases.tc_12_addToCart()]]>
              </value>
            </param>
          </params>
          <reporter-output>
          </reporter-output>
        </test-method> <!-- setup -->
        <test-method signature="tc_12_addToCart()[pri:12, instance:regression.TestCases@293a5bf6]" started-at="2026-07-30T23:32:10 PST" name="tc_12_addToCart" finished-at="2026-07-30T23:32:15 PST" duration-ms="4852" status="PASS">
          <reporter-output>
          </reporter-output>
        </test-method> <!-- tc_12_addToCart -->
        <test-method is-config="true" signature="afterMethod(org.testng.ITestResult)[pri:0, instance:regression.TestCases@293a5bf6]" started-at="2026-07-30T23:32:15 PST" name="afterMethod" finished-at="2026-07-30T23:32:16 PST" duration-ms="399" status="PASS">
          <params>
            <param index="0">
              <value>
                <![CDATA[[TestResult name=tc_12_addToCart status=SUCCESS method=TestCases.tc_12_addToCart()[pri:12, instance:regression.TestCases@293a5bf6] output={null}]]]>
              </value>
            </param>
          </params>
          <reporter-output>
          </reporter-output>
        </test-method> <!-- afterMethod -->
        <test-method is-config="true" signature="setup(java.lang.reflect.Method)[pri:0, instance:regression.TestCases@293a5bf6]" started-at="2026-07-30T23:32:16 PST" name="setup" finished-at="2026-07-30T23:32:19 PST" duration-ms="3822" status="PASS">
          <params>
            <param index="0">
              <value>
                <![CDATA[public void regression.TestCases.tc_13_quantityIncrease()]]>
              </value>
            </param>
          </params>
          <reporter-output>
          </reporter-output>
        </test-method> <!-- setup -->
        <test-method signature="tc_13_quantityIncrease()[pri:13, instance:regression.TestCases@293a5bf6]" started-at="2026-07-30T23:32:19 PST" name="tc_13_quantityIncrease" finished-at="2026-07-30T23:32:27 PST" duration-ms="7417" status="PASS">
          <reporter-output>
          </reporter-output>
        </test-method> <!-- tc_13_quantityIncrease -->
        <test-method is-config="true" signature="afterMethod(org.testng.ITestResult)[pri:0, instance:regression.TestCases@293a5bf6]" started-at="2026-07-30T23:32:27 PST" name="afterMethod" finished-at="2026-07-30T23:32:27 PST" duration-ms="413" status="PASS">
          <params>
            <param index="0">
              <value>
                <![CDATA[[TestResult name=tc_13_quantityIncrease status=SUCCESS method=TestCases.tc_13_quantityIncrease()[pri:13, instance:regression.TestCases@293a5bf6] output={null}]]]>
              </value>
            </param>
          </params>
          <reporter-output>
          </reporter-output>
        </test-method> <!-- afterMethod -->
        <test-method is-config="true" signature="setup(java.lang.reflect.Method)[pri:0, instance:regression.TestCases@293a5bf6]" started-at="2026-07-30T23:32:27 PST" name="setup" finished-at="2026-07-30T23:32:31 PST" duration-ms="4164" status="PASS">
          <params>
            <param index="0">
              <value>
                <![CDATA[public void regression.TestCases.tc_14_placeOrderRegWhileCheckout()]]>
              </value>
            </param>
          </params>
          <reporter-output>
          </reporter-output>
        </test-method> <!-- setup -->
        <test-method signature="tc_14_placeOrderRegWhileCheckout()[pri:14, instance:regression.TestCases@293a5bf6]" started-at="2026-07-30T23:32:31 PST" name="tc_14_placeOrderRegWhileCheckout" finished-at="2026-07-30T23:32:57 PST" duration-ms="25684" status="PASS">
          <reporter-output>
          </reporter-output>
        </test-method> <!-- tc_14_placeOrderRegWhileCheckout -->
        <test-method is-config="true" signature="afterMethod(org.testng.ITestResult)[pri:0, instance:regression.TestCases@293a5bf6]" started-at="2026-07-30T23:32:57 PST" name="afterMethod" finished-at="2026-07-30T23:32:58 PST" duration-ms="596" status="PASS">
          <params>
            <param index="0">
              <value>
                <![CDATA[[TestResult name=tc_14_placeOrderRegWhileCheckout status=SUCCESS method=TestCases.tc_14_placeOrderRegWhileCheckout()[pri:14, instance:regression.TestCases@293a5bf6] output={null}]]]>
              </value>
            </param>
          </params>
          <reporter-output>
          </reporter-output>
        </test-method> <!-- afterMethod -->
        <test-method is-config="true" signature="setup(java.lang.reflect.Method)[pri:0, instance:regression.TestCases@293a5bf6]" started-at="2026-07-30T23:32:58 PST" name="setup" finished-at="2026-07-30T23:33:01 PST" duration-ms="3598" status="PASS">
          <params>
            <param index="0">
              <value>
                <![CDATA[public void regression.TestCases.tc_15_regToCheckout()]]>
              </value>
            </param>
          </params>
          <reporter-output>
          </reporter-output>
        </test-method> <!-- setup -->
        <test-method signature="tc_15_regToCheckout()[pri:15, instance:regression.TestCases@293a5bf6]" started-at="2026-07-30T23:33:01 PST" name="tc_15_regToCheckout" finished-at="2026-07-30T23:33:24 PST" duration-ms="22830" status="PASS">
          <reporter-output>
          </reporter-output>
        </test-method> <!-- tc_15_regToCheckout -->
        <test-method is-config="true" signature="afterMethod(org.testng.ITestResult)[pri:0, instance:regression.TestCases@293a5bf6]" started-at="2026-07-30T23:33:24 PST" name="afterMethod" finished-at="2026-07-30T23:33:27 PST" duration-ms="2425" status="PASS">
          <params>
            <param index="0">
              <value>
                <![CDATA[[TestResult name=tc_15_regToCheckout status=SUCCESS method=TestCases.tc_15_regToCheckout()[pri:15, instance:regression.TestCases@293a5bf6] output={null}]]]>
              </value>
            </param>
          </params>
          <reporter-output>
          </reporter-output>
        </test-method> <!-- afterMethod -->
        <test-method is-config="true" signature="setup(java.lang.reflect.Method)[pri:0, instance:regression.TestCases@293a5bf6]" started-at="2026-07-30T23:33:27 PST" name="setup" finished-at="2026-07-30T23:33:30 PST" duration-ms="3668" status="PASS">
          <params>
            <param index="0">
              <value>
                <![CDATA[public void regression.TestCases.tc_16_loginBeforeCheckout()]]>
              </value>
            </param>
          </params>
          <reporter-output>
          </reporter-output>
        </test-method> <!-- setup -->
        <test-method signature="tc_16_loginBeforeCheckout()[pri:16, instance:regression.TestCases@293a5bf6]" started-at="2026-07-30T23:33:30 PST" name="tc_16_loginBeforeCheckout" finished-at="2026-07-30T23:34:05 PST" duration-ms="35088" status="PASS">
          <reporter-output>
          </reporter-output>
        </test-method> <!-- tc_16_loginBeforeCheckout -->
        <test-method is-config="true" signature="afterMethod(org.testng.ITestResult)[pri:0, instance:regression.TestCases@293a5bf6]" started-at="2026-07-30T23:34:05 PST" name="afterMethod" finished-at="2026-07-30T23:34:06 PST" duration-ms="543" status="PASS">
          <params>
            <param index="0">
              <value>
                <![CDATA[[TestResult name=tc_16_loginBeforeCheckout status=SUCCESS method=TestCases.tc_16_loginBeforeCheckout()[pri:16, instance:regression.TestCases@293a5bf6] output={null}]]]>
              </value>
            </param>
          </params>
          <reporter-output>
          </reporter-output>
        </test-method> <!-- afterMethod -->
        <test-method is-config="true" signature="setup(java.lang.reflect.Method)[pri:0, instance:regression.TestCases@293a5bf6]" started-at="2026-07-30T23:34:06 PST" name="setup" finished-at="2026-07-30T23:34:08 PST" duration-ms="1891" status="PASS">
          <params>
            <param index="0">
              <value>
                <![CDATA[public void regression.TestCases.tc_17_removeProductsFromCart()]]>
              </value>
            </param>
          </params>
          <reporter-output>
          </reporter-output>
        </test-method> <!-- setup -->
        <test-method signature="tc_17_removeProductsFromCart()[pri:17, instance:regression.TestCases@293a5bf6]" started-at="2026-07-30T23:34:08 PST" name="tc_17_removeProductsFromCart" finished-at="2026-07-30T23:34:31 PST" duration-ms="23322" status="PASS">
          <reporter-output>
          </reporter-output>
        </test-method> <!-- tc_17_removeProductsFromCart -->
        <test-method is-config="true" signature="afterMethod(org.testng.ITestResult)[pri:0, instance:regression.TestCases@293a5bf6]" started-at="2026-07-30T23:34:31 PST" name="afterMethod" finished-at="2026-07-30T23:34:32 PST" duration-ms="512" status="PASS">
          <params>
            <param index="0">
              <value>
                <![CDATA[[TestResult name=tc_17_removeProductsFromCart status=SUCCESS method=TestCases.tc_17_removeProductsFromCart()[pri:17, instance:regression.TestCases@293a5bf6] output={null}]]]>
              </value>
            </param>
          </params>
          <reporter-output>
          </reporter-output>
        </test-method> <!-- afterMethod -->
        <test-method is-config="true" signature="setup(java.lang.reflect.Method)[pri:0, instance:regression.TestCases@293a5bf6]" started-at="2026-07-30T23:34:32 PST" name="setup" finished-at="2026-07-30T23:34:34 PST" duration-ms="2304" status="PASS">
          <params>
            <param index="0">
              <value>
                <![CDATA[public void regression.TestCases.tc_18_viewCategoryProducts()]]>
              </value>
            </param>
          </params>
          <reporter-output>
          </reporter-output>
        </test-method> <!-- setup -->
        <test-method signature="tc_18_viewCategoryProducts()[pri:18, instance:regression.TestCases@293a5bf6]" started-at="2026-07-30T23:34:34 PST" name="tc_18_viewCategoryProducts" finished-at="2026-07-30T23:34:39 PST" duration-ms="5138" status="PASS">
          <reporter-output>
          </reporter-output>
        </test-method> <!-- tc_18_viewCategoryProducts -->
        <test-method is-config="true" signature="afterMethod(org.testng.ITestResult)[pri:0, instance:regression.TestCases@293a5bf6]" started-at="2026-07-30T23:34:39 PST" name="afterMethod" finished-at="2026-07-30T23:34:39 PST" duration-ms="423" status="PASS">
          <params>
            <param index="0">
              <value>
                <![CDATA[[TestResult name=tc_18_viewCategoryProducts status=SUCCESS method=TestCases.tc_18_viewCategoryProducts()[pri:18, instance:regression.TestCases@293a5bf6] output={null}]]]>
              </value>
            </param>
          </params>
          <reporter-output>
          </reporter-output>
        </test-method> <!-- afterMethod -->
        <test-method is-config="true" signature="setup(java.lang.reflect.Method)[pri:0, instance:regression.TestCases@293a5bf6]" started-at="2026-07-30T23:34:39 PST" name="setup" finished-at="2026-07-30T23:34:44 PST" duration-ms="4300" status="PASS">
          <params>
            <param index="0">
              <value>
                <![CDATA[public void regression.TestCases.tc_19_viewBrandProducts()]]>
              </value>
            </param>
          </params>
          <reporter-output>
          </reporter-output>
        </test-method> <!-- setup -->
        <test-method signature="tc_19_viewBrandProducts()[pri:19, instance:regression.TestCases@293a5bf6]" started-at="2026-07-30T23:34:44 PST" name="tc_19_viewBrandProducts" finished-at="2026-07-30T23:34:50 PST" duration-ms="6125" status="FAIL">
          <exception class="java.lang.AssertionError">
            <message>
              <![CDATA[Failed to load Polo brand page expected [true] but found [false]]]>
            </message>
            <full-stacktrace>
              <![CDATA[java.lang.AssertionError: Failed to load Polo brand page expected [true] but found [false]
at org.testng.Assert.fail(Assert.java:110)
at org.testng.Assert.failNotEquals(Assert.java:1413)
at org.testng.Assert.assertTrue(Assert.java:56)
at pageEvents.productsEventPage.navigateBrands(productsEventPage.java:110)
at regression.TestCases.tc_19_viewBrandProducts(TestCases.java:177)
at java.base/jdk.internal.reflect.DirectMethodHandleAccessor.invoke(DirectMethodHandleAccessor.java:103)
at java.base/java.lang.reflect.Method.invoke(Method.java:580)
at org.testng.internal.invokers.MethodInvocationHelper.invokeMethod(MethodInvocationHelper.java:139)
at org.testng.internal.invokers.TestInvoker.invokeMethod(TestInvoker.java:677)
at org.testng.internal.invokers.TestInvoker.invokeTestMethod(TestInvoker.java:221)
at org.testng.internal.invokers.MethodRunner.runInSequence(MethodRunner.java:50)
at org.testng.internal.invokers.TestInvoker$MethodInvocationAgent.invoke(TestInvoker.java:969)
at org.testng.internal.invokers.TestInvoker.invokeTestMethods(TestInvoker.java:194)
at org.testng.internal.invokers.TestMethodWorker.invokeTestMethods(TestMethodWorker.java:148)
at org.testng.internal.invokers.TestMethodWorker.run(TestMethodWorker.java:128)
at java.base/java.util.ArrayList.forEach(ArrayList.java:1597)
at org.testng.TestRunner.privateRun(TestRunner.java:829)
at org.testng.TestRunner.run(TestRunner.java:602)
at org.testng.SuiteRunner.runTest(SuiteRunner.java:437)
at org.testng.SuiteRunner.runSequentially(SuiteRunner.java:431)
at org.testng.SuiteRunner.privateRun(SuiteRunner.java:391)
at org.testng.SuiteRunner.run(SuiteRunner.java:330)
at org.testng.SuiteRunnerWorker.runSuite(SuiteRunnerWorker.java:52)
at org.testng.SuiteRunnerWorker.run(SuiteRunnerWorker.java:95)
at org.testng.TestNG.runSuitesSequentially(TestNG.java:1256)
at org.testng.TestNG.runSuitesLocally(TestNG.java:1176)
at org.testng.TestNG.runSuites(TestNG.java:1099)
at org.testng.TestNG.run(TestNG.java:1067)
at org.apache.maven.surefire.testng.TestNGExecutor.run(TestNGExecutor.java:308)
at org.apache.maven.surefire.testng.TestNGXmlTestSuite.execute(TestNGXmlTestSuite.java:71)
at org.apache.maven.surefire.testng.TestNGProvider.invoke(TestNGProvider.java:113)
at org.apache.maven.surefire.booter.ForkedBooter.runSuitesInProcess(ForkedBooter.java:385)
at org.apache.maven.surefire.booter.ForkedBooter.execute(ForkedBooter.java:162)
at org.apache.maven.surefire.booter.ForkedBooter.run(ForkedBooter.java:507)
at org.apache.maven.surefire.booter.ForkedBooter.main(ForkedBooter.java:495)
]]>
            </full-stacktrace>
          </exception> <!-- java.lang.AssertionError -->
          <reporter-output>
          </reporter-output>
        </test-method> <!-- tc_19_viewBrandProducts -->
        <test-method is-config="true" signature="afterMethod(org.testng.ITestResult)[pri:0, instance:regression.TestCases@293a5bf6]" started-at="2026-07-30T23:34:50 PST" name="afterMethod" finished-at="2026-07-30T23:34:50 PST" duration-ms="638" status="PASS">
          <params>
            <param index="0">
              <value>
                <![CDATA[[TestResult name=tc_19_viewBrandProducts status=FAILURE method=TestCases.tc_19_viewBrandProducts()[pri:19, instance:regression.TestCases@293a5bf6] output={null}]]]>
              </value>
            </param>
          </params>
          <reporter-output>
          </reporter-output>
        </test-method> <!-- afterMethod -->
        <test-method is-config="true" signature="setup(java.lang.reflect.Method)[pri:0, instance:regression.TestCases@293a5bf6]" started-at="2026-07-30T23:34:50 PST" name="setup" finished-at="2026-07-30T23:34:52 PST" duration-ms="1960" status="PASS">
          <params>
            <param index="0">
              <value>
                <![CDATA[public void regression.TestCases.tc_20_searchProductsAndVerifyCartAfterLogin()]]>
              </value>
            </param>
          </params>
          <reporter-output>
          </reporter-output>
        </test-method> <!-- setup -->
        <test-method signature="tc_20_searchProductsAndVerifyCartAfterLogin()[pri:20, instance:regression.TestCases@293a5bf6]" started-at="2026-07-30T23:34:52 PST" name="tc_20_searchProductsAndVerifyCartAfterLogin" finished-at="2026-07-30T23:35:18 PST" duration-ms="25918" status="PASS">
          <reporter-output>
          </reporter-output>
        </test-method> <!-- tc_20_searchProductsAndVerifyCartAfterLogin -->
        <test-method is-config="true" signature="afterMethod(org.testng.ITestResult)[pri:0, instance:regression.TestCases@293a5bf6]" started-at="2026-07-30T23:35:18 PST" name="afterMethod" finished-at="2026-07-30T23:35:19 PST" duration-ms="577" status="PASS">
          <params>
            <param index="0">
              <value>
                <![CDATA[[TestResult name=tc_20_searchProductsAndVerifyCartAfterLogin status=SUCCESS method=TestCases.tc_20_searchProductsAndVerifyCartAfterLogin()[pri:20, instance:regression.TestCases@293a5bf6] output={null}]]]>
              </value>
            </param>
          </params>
          <reporter-output>
          </reporter-output>
        </test-method> <!-- afterMethod -->
        <test-method is-config="true" signature="setup(java.lang.reflect.Method)[pri:0, instance:regression.TestCases@293a5bf6]" started-at="2026-07-30T23:35:19 PST" name="setup" finished-at="2026-07-30T23:35:25 PST" duration-ms="5581" status="PASS">
          <params>
            <param index="0">
              <value>
                <![CDATA[public void regression.TestCases.tc_21_addReviewOnProduct()]]>
              </value>
            </param>
          </params>
          <reporter-output>
          </reporter-output>
        </test-method> <!-- setup -->
        <test-method signature="tc_21_addReviewOnProduct()[pri:21, instance:regression.TestCases@293a5bf6]" started-at="2026-07-30T23:35:25 PST" name="tc_21_addReviewOnProduct" finished-at="2026-07-30T23:35:38 PST" duration-ms="13829" status="PASS">
          <reporter-output>
          </reporter-output>
        </test-method> <!-- tc_21_addReviewOnProduct -->
        <test-method is-config="true" signature="afterMethod(org.testng.ITestResult)[pri:0, instance:regression.TestCases@293a5bf6]" started-at="2026-07-30T23:35:38 PST" name="afterMethod" finished-at="2026-07-30T23:35:39 PST" duration-ms="683" status="PASS">
          <params>
            <param index="0">
              <value>
                <![CDATA[[TestResult name=tc_21_addReviewOnProduct status=SUCCESS method=TestCases.tc_21_addReviewOnProduct()[pri:21, instance:regression.TestCases@293a5bf6] output={null}]]]>
              </value>
            </param>
          </params>
          <reporter-output>
          </reporter-output>
        </test-method> <!-- afterMethod -->
        <test-method is-config="true" signature="setup(java.lang.reflect.Method)[pri:0, instance:regression.TestCases@293a5bf6]" started-at="2026-07-30T23:35:39 PST" name="setup" finished-at="2026-07-30T23:35:43 PST" duration-ms="3741" status="PASS">
          <params>
            <param index="0">
              <value>
                <![CDATA[public void regression.TestCases.tc_22_addToCartFromRecommendedItems()]]>
              </value>
            </param>
          </params>
          <reporter-output>
          </reporter-output>
        </test-method> <!-- setup -->
        <test-method signature="tc_22_addToCartFromRecommendedItems()[pri:22, instance:regression.TestCases@293a5bf6]" started-at="2026-07-30T23:35:43 PST" name="tc_22_addToCartFromRecommendedItems" finished-at="2026-07-30T23:35:51 PST" duration-ms="7934" status="PASS">
          <reporter-output>
          </reporter-output>
        </test-method> <!-- tc_22_addToCartFromRecommendedItems -->
        <test-method is-config="true" signature="afterMethod(org.testng.ITestResult)[pri:0, instance:regression.TestCases@293a5bf6]" started-at="2026-07-30T23:35:51 PST" name="afterMethod" finished-at="2026-07-30T23:35:51 PST" duration-ms="372" status="PASS">
          <params>
            <param index="0">
              <value>
                <![CDATA[[TestResult name=tc_22_addToCartFromRecommendedItems status=SUCCESS method=TestCases.tc_22_addToCartFromRecommendedItems()[pri:22, instance:regression.TestCases@293a5bf6] output={null}]]]>
              </value>
            </param>
          </params>
          <reporter-output>
          </reporter-output>
        </test-method> <!-- afterMethod -->
        <test-method is-config="true" signature="setup(java.lang.reflect.Method)[pri:0, instance:regression.TestCases@293a5bf6]" started-at="2026-07-30T23:35:51 PST" name="setup" finished-at="2026-07-30T23:35:55 PST" duration-ms="3571" status="PASS">
          <params>
            <param index="0">
              <value>
                <![CDATA[public void regression.TestCases.tc_23_verifyAddressDetailsInCheckoutPage()]]>
              </value>
            </param>
          </params>
          <reporter-output>
          </reporter-output>
        </test-method> <!-- setup -->
        <test-method signature="tc_23_verifyAddressDetailsInCheckoutPage()[pri:23, instance:regression.TestCases@293a5bf6]" started-at="2026-07-30T23:35:55 PST" name="tc_23_verifyAddressDetailsInCheckoutPage" finished-at="2026-07-30T23:36:24 PST" duration-ms="29693" status="PASS">
          <reporter-output>
          </reporter-output>
        </test-method> <!-- tc_23_verifyAddressDetailsInCheckoutPage -->
        <test-method is-config="true" signature="afterMethod(org.testng.ITestResult)[pri:0, instance:regression.TestCases@293a5bf6]" started-at="2026-07-30T23:36:24 PST" name="afterMethod" finished-at="2026-07-30T23:36:25 PST" duration-ms="460" status="PASS">
          <params>
            <param index="0">
              <value>
                <![CDATA[[TestResult name=tc_23_verifyAddressDetailsInCheckoutPage status=SUCCESS method=TestCases.tc_23_verifyAddressDetailsInCheckoutPage()[pri:23, instance:regression.TestCases@293a5bf6] output={null}]]]>
              </value>
            </param>
          </params>
          <reporter-output>
          </reporter-output>
        </test-method> <!-- afterMethod -->
        <test-method is-config="true" signature="setup(java.lang.reflect.Method)[pri:0, instance:regression.TestCases@293a5bf6]" started-at="2026-07-30T23:36:25 PST" name="setup" finished-at="2026-07-30T23:36:29 PST" duration-ms="4411" status="PASS">
          <params>
            <param index="0">
              <value>
                <![CDATA[public void regression.TestCases.tc_24_downloadInvoiceAfterPurchaseOrder()]]>
              </value>
            </param>
          </params>
          <reporter-output>
          </reporter-output>
        </test-method> <!-- setup -->
        <test-method signature="tc_24_downloadInvoiceAfterPurchaseOrder()[pri:24, instance:regression.TestCases@293a5bf6]" started-at="2026-07-30T23:36:29 PST" name="tc_24_downloadInvoiceAfterPurchaseOrder" finished-at="2026-07-30T23:36:54 PST" duration-ms="25155" status="PASS">
          <reporter-output>
          </reporter-output>
        </test-method> <!-- tc_24_downloadInvoiceAfterPurchaseOrder -->
        <test-method is-config="true" signature="afterMethod(org.testng.ITestResult)[pri:0, instance:regression.TestCases@293a5bf6]" started-at="2026-07-30T23:36:54 PST" name="afterMethod" finished-at="2026-07-30T23:36:55 PST" duration-ms="605" status="PASS">
          <params>
            <param index="0">
              <value>
                <![CDATA[[TestResult name=tc_24_downloadInvoiceAfterPurchaseOrder status=SUCCESS method=TestCases.tc_24_downloadInvoiceAfterPurchaseOrder()[pri:24, instance:regression.TestCases@293a5bf6] output={null}]]]>
              </value>
            </param>
          </params>
          <reporter-output>
          </reporter-output>
        </test-method> <!-- afterMethod -->
        <test-method is-config="true" signature="setup(java.lang.reflect.Method)[pri:0, instance:regression.TestCases@293a5bf6]" started-at="2026-07-30T23:36:55 PST" name="setup" finished-at="2026-07-30T23:36:59 PST" duration-ms="4163" status="PASS">
          <params>
            <param index="0">
              <value>
                <![CDATA[public void regression.TestCases.tc_25_verifyScrollUpUsingArrowButton()]]>
              </value>
            </param>
          </params>
          <reporter-output>
          </reporter-output>
        </test-method> <!-- setup -->
        <test-method signature="tc_25_verifyScrollUpUsingArrowButton()[pri:25, instance:regression.TestCases@293a5bf6]" started-at="2026-07-30T23:36:59 PST" name="tc_25_verifyScrollUpUsingArrowButton" finished-at="2026-07-30T23:37:01 PST" duration-ms="2351" status="PASS">
          <reporter-output>
          </reporter-output>
        </test-method> <!-- tc_25_verifyScrollUpUsingArrowButton -->
        <test-method is-config="true" signature="afterMethod(org.testng.ITestResult)[pri:0, instance:regression.TestCases@293a5bf6]" started-at="2026-07-30T23:37:01 PST" name="afterMethod" finished-at="2026-07-30T23:37:02 PST" duration-ms="362" status="PASS">
          <params>
            <param index="0">
              <value>
                <![CDATA[[TestResult name=tc_25_verifyScrollUpUsingArrowButton status=SUCCESS method=TestCases.tc_25_verifyScrollUpUsingArrowButton()[pri:25, instance:regression.TestCases@293a5bf6] output={null}]]]>
              </value>
            </param>
          </params>
          <reporter-output>
          </reporter-output>
        </test-method> <!-- afterMethod -->
        <test-method is-config="true" signature="setup(java.lang.reflect.Method)[pri:0, instance:regression.TestCases@293a5bf6]" started-at="2026-07-30T23:37:02 PST" name="setup" finished-at="2026-07-30T23:37:06 PST" duration-ms="4242" status="PASS">
          <params>
            <param index="0">
              <value>
                <![CDATA[public void regression.TestCases.tc_26_verifyScrollUpWithoutArrowButton()]]>
              </value>
            </param>
          </params>
          <reporter-output>
          </reporter-output>
        </test-method> <!-- setup -->
        <test-method signature="tc_26_verifyScrollUpWithoutArrowButton()[pri:26, instance:regression.TestCases@293a5bf6]" started-at="2026-07-30T23:37:06 PST" name="tc_26_verifyScrollUpWithoutArrowButton" finished-at="2026-07-30T23:37:07 PST" duration-ms="454" status="PASS">
          <reporter-output>
          </reporter-output>
        </test-method> <!-- tc_26_verifyScrollUpWithoutArrowButton -->
        <test-method is-config="true" signature="afterMethod(org.testng.ITestResult)[pri:0, instance:regression.TestCases@293a5bf6]" started-at="2026-07-30T23:37:07 PST" name="afterMethod" finished-at="2026-07-30T23:37:07 PST" duration-ms="432" status="PASS">
          <params>
            <param index="0">
              <value>
                <![CDATA[[TestResult name=tc_26_verifyScrollUpWithoutArrowButton status=SUCCESS method=TestCases.tc_26_verifyScrollUpWithoutArrowButton()[pri:26, instance:regression.TestCases@293a5bf6] output={null}]]]>
              </value>
            </param>
          </params>
          <reporter-output>
          </reporter-output>
        </test-method> <!-- afterMethod -->
        <test-method is-config="true" signature="afterTest()[pri:0, instance:regression.TestCases@293a5bf6]" started-at="2026-07-30T23:37:07 PST" name="afterTest" finished-at="2026-07-30T23:37:07 PST" duration-ms="10" status="PASS">
          <reporter-output>
          </reporter-output>
        </test-method> <!-- afterTest -->
      </class> <!-- regression.TestCases -->
    </test> <!-- Test -->
  </suite> <!-- Suite -->
</testng-results>
